
Gurobi 12.0.1 (win64) logging started Tue Jun 30 00:44:21 2026

Set parameter LogFile to value "C:\Users\emrec\Documents\parallel_scheduling\exact1\gurobi_exact_full.log"
Set parameter MIPGap to value 0.05
Set parameter OutputFlag to value 1
Set parameter TimeLimit to value 21600
Set parameter MIPFocus to value 1
Set parameter NoRelHeurTime to value 120
Gurobi Optimizer version 12.0.1 build v12.0.1rc0 (win64 - Windows 11+.0 (26200.2))

CPU model: Intel(R) Core(TM) i5-10300H CPU @ 2.50GHz, instruction set [SSE2|AVX|AVX2]
Thread count: 4 physical cores, 8 logical processors, using up to 8 threads

Non-default parameters:
TimeLimit  21600
MIPGap  0.05
MIPFocus  1
NoRelHeurTime  120

Optimize a model with 72708 rows, 29196 columns and 214455 nonzeros
Model fingerprint: 0x068550b8
Model has 3564 simple general constraints
  2376 MAX, 1188 MIN
Variable types: 5104 continuous, 24092 integer (23984 binary)
Coefficient statistics:
  Matrix range     [3e-01, 5e+04]
  Objective range  [3e-03, 1e+00]
  Bounds range     [1e+00, 5e+04]
  RHS range        [1e+00, 1e+05]
  GenCon const rng [6e+02, 2e+04]
Presolve removed 46878 rows and 4310 columns
Presolve time: 0.81s
Presolved: 25830 rows, 24886 columns, 168738 nonzeros
Variable types: 3108 continuous, 21778 integer (21754 binary)
Starting NoRel heuristic
Found phase-1 solution: relaxation 34905.2
Found phase-1 solution: relaxation 33611.3
Found phase-1 solution: relaxation 22332.2
Found phase-1 solution: relaxation 19624.4
Found phase-1 solution: relaxation 18469.4
Found phase-1 solution: relaxation 16848.7
Found phase-1 solution: relaxation 16638.4
Found phase-1 solution: relaxation 16301.8
Found phase-1 solution: relaxation 16091.6
Found phase-1 solution: relaxation 16089.6
Found phase-1 solution: relaxation 15869.5
Found phase-1 solution: relaxation 15534.3
Found phase-1 solution: relaxation 15208.8
Found phase-1 solution: relaxation 14406.6
Found phase-1 solution: relaxation 13640.3
Found phase-1 solution: relaxation 12802.2
Found phase-1 solution: relaxation 12799.4
Found phase-1 solution: relaxation 12797.4
Found phase-1 solution: relaxation 12763.5
Found phase-1 solution: relaxation 12557.4
Found phase-1 solution: relaxation 12495.8
Found phase-1 solution: relaxation 11635.9
Found phase-1 solution: relaxation 11540.3
Found phase-1 solution: relaxation 11528.8
Found phase-1 solution: relaxation 11526.5
Found phase-1 solution: relaxation 11136.6
Found phase-1 solution: relaxation 10560.6
Found phase-1 solution: relaxation 10415.4
Found phase-1 solution: relaxation 10238
Found phase-1 solution: relaxation 8181.13
Found phase-1 solution: relaxation 7758.31
Found phase-1 solution: relaxation 7756.31
Found phase-1 solution: relaxation 6632.53
Found phase-1 solution: relaxation 6555.7
Found phase-1 solution: relaxation 6403.22
Found phase-1 solution: relaxation 6323.38
Found phase-1 solution: relaxation 6313.76
Found phase-1 solution: relaxation 6308.76
Found phase-1 solution: relaxation 6242.05
Found phase-1 solution: relaxation 6237.05
Found phase-1 solution: relaxation 5860.16
Found phase-1 solution: relaxation 5855.16
Found phase-1 solution: relaxation 5583.58
Found phase-1 solution: relaxation 5581.58
Found phase-1 solution: relaxation 5374.35
Found phase-1 solution: relaxation 5372.35
Elapsed time for NoRel heuristic: 5s (best bound 6.88282)
Found phase-1 solution: relaxation 5370.35
Found phase-1 solution: relaxation 5014.51
Found phase-1 solution: relaxation 4817.81
Found phase-1 solution: relaxation 4092.84
Found phase-1 solution: relaxation 3631.76
Found phase-1 solution: relaxation 3631.76
Found phase-1 solution: relaxation 3589.75
Found phase-1 solution: relaxation 3528.41
Found phase-1 solution: relaxation 3525.41
Found phase-1 solution: relaxation 3384.81
Found phase-1 solution: relaxation 3381.12
Found phase-1 solution: relaxation 2954.12
Found phase-1 solution: relaxation 2653.1
Found phase-1 solution: relaxation 2405.72
Found phase-1 solution: relaxation 1985.72
Found phase-1 solution: relaxation 1981.72
Found phase-1 solution: relaxation 1882.22
Found phase-1 solution: relaxation 1391.45
Found phase-1 solution: relaxation 1203.92
Elapsed time for NoRel heuristic: 10s (best bound 6.88282)
Found phase-1 solution: relaxation 4
Elapsed time for NoRel heuristic: 15s (best bound 6.88282)
Elapsed time for NoRel heuristic: 22s (best bound 6.88282)
Elapsed time for NoRel heuristic: 28s (best bound 6.88282)
Elapsed time for NoRel heuristic: 36s (best bound 6.88282)
Elapsed time for NoRel heuristic: 42s (best bound 6.88282)
Elapsed time for NoRel heuristic: 48s (best bound 6.88282)
Elapsed time for NoRel heuristic: 60s (best bound 6.88282)
Elapsed time for NoRel heuristic: 67s (best bound 6.88282)
Elapsed time for NoRel heuristic: 86s (best bound 6.88282)
Elapsed time for NoRel heuristic: 94s (best bound 6.88282)
Elapsed time for NoRel heuristic: 112s (best bound 6.88282)
Elapsed time for NoRel heuristic: 123s (best bound 6.88282)
NoRel heuristic complete
Deterministic concurrent LP optimizer: primal and dual simplex
Showing primal log only...


Root simplex log...

Iteration    Objective       Primal Inf.    Dual Inf.      Time
       0    6.0000000e+00   6.347474e+04   1.075762e+09    124s
    5693    1.3860318e+05   0.000000e+00   9.491609e+03    124s
Concurrent spin time: 0.00s

Solved with dual simplex

Root simplex log...

Iteration    Objective       Primal Inf.    Dual Inf.      Time
    4497    6.8828172e+00   0.000000e+00   0.000000e+00    125s

Root relaxation: objective 6.882817e+00, 4497 iterations, 0.99 seconds (0.57 work units)
Total elapsed time = 125.33s (DegenMoves)

    Nodes    |    Current Node    |     Objective Bounds      |     Work
 Expl Unexpl |  Obj  Depth IntInf | Incumbent    BestBd   Gap | It/Node Time

     0     0    6.88282    0  240          -    6.88282      -     -  126s
     0     0    6.88282    0  270          -    6.88282      -     -  126s
     0     0    6.93282    0  275          -    6.93282      -     -  126s
     0     0    7.12151    0  426          -    7.12151      -     -  129s
     0     0    7.12151    0  392          -    7.12151      -     -  129s
     0     0    7.21861    0  385          -    7.21861      -     -  130s
     0     0    7.53180    0  453          -    7.53180      -     -  133s
     0     0    7.53180    0  449          -    7.53180      -     -  134s
     0     0    7.53180    0  448          -    7.53180      -     -  134s
     0     0    7.56076    0  441          -    7.56076      -     -  136s
     0     0    7.56076    0  442          -    7.56076      -     -  136s
     0     0    7.62768    0  438          -    7.62768      -     -  139s
     0     0    7.62768    0  412          -    7.62768      -     -  140s
     0     0    7.62773    0  443          -    7.62773      -     -  141s
     0     0    7.62773    0  425          -    7.62773      -     -  142s
     0     0    7.95570    0  490          -    7.95570      -     -  145s
     0     0    7.95570    0  482          -    7.95570      -     -  145s
     0     0    7.96311    0  470          -    7.96311      -     -  147s
     0     0    7.96495    0  476          -    7.96495      -     -  147s
     0     0    7.96495    0  471          -    7.96495      -     -  147s
     0     0    7.96495    0  459          -    7.96495      -     -  148s
     0     0    7.96820    0  269          -    7.96820      -     -  151s
     0     2    7.96820    0  237          -    7.96820      -     -  192s
    11    19   11.64548    4  260          -    8.44706      -  1173  195s
    39    49   11.64548    8  250          -    8.44706      -  1077  200s
    79    90   11.64548   14  232          -    8.44706      -   878  205s
   159   179   11.64548   28  198          -    8.44706      -   601  210s
   327   359   11.68102   72  177          -    8.44706      -   412  215s
   531   546   11.94688  121  156          -    8.44706      -   317  220s
   780   758   12.24548  188  120          -    8.44706      -   262  225s
  1050   995   12.59548  229  131          -    8.44706      -   230  231s
  1316  1242   13.24548  283  188          -    8.44706      -   205  235s
  1505  1407 infeasible  309               -    8.48106      -   192  240s
  1753  1528    9.73522   11  305          -    9.39020      -   179  246s
  1811  1546   13.10027  149  269          -    9.39020      -   181  258s
  1813  1547   67.17701   94  233          -    9.39020      -   181  264s
  1814  1548   13.11066  141  425          -    9.39020      -   181  267s
  1816  1549   78.53929  291  496          -    9.39020      -   181  271s
  1818  1551   68.19221  234  492          -    9.39020      -   181  279s
  1819  1551   12.34548  193  490          -    9.39020      -   181  282s
  1820  1552   67.17701  103  518          -    9.39020      -   180  285s
  1821  1553   12.90883  267  497          -    9.39020      -   180  306s
  1822  1553   11.73073   70  517          -    9.39020      -   180  313s
  1823  1554   13.60584  211  486          -    9.39020      -   180  315s
  1825  1555    9.63653   28  226          -    9.39020      -   180  322s
  1826  1556   11.84548   78  226          -    9.39020      -   180  449s
  1827  1560    9.39020   13  221          -    9.39020      -  33.4  451s
  1829  1563   10.13802   14  279          -    9.39020      -  35.2  457s
  1853  1584   11.64548   18  193          -    9.39020      -  41.7  462s
  1889  1609   10.21960   23  265          -    9.39020      -  56.5  465s
  1944  1646   10.21960   29  230          -    9.39020      -  71.6  470s
  2011  1690   10.31000   38  217          -    9.39020      -  82.8  480s
  2081  1743   11.08935   50  192          -    9.39020      -  92.1  485s
  2186  1825   10.31000   66  187          -    9.39020      -   105  490s
  2267  1878   10.31000   79  186          -    9.39020      -   113  495s
  2375  1952   12.47896   94  197          -    9.39020      -   125  501s
  2481  2024   10.50467  109  185          -    9.39020      -   134  506s
  2584  2098   10.77860  123  188          -    9.39020      -   143  511s
  2654  2141   10.57560  131  198          -    9.39020      -   148  516s
  2723  2201   10.59988  140  203          -    9.39020      -   153  521s
  2901  2297   10.70384  165  205          -    9.39020      -   159  525s
  3084  2401   11.01890  182  213          -    9.39020      -   163  530s
  3268  2491   11.09587  200  203          -    9.39020      -   164  535s
  3502  2580   11.41672  227  224          -    9.39020      -   163  541s
  3680  2660   12.16592  258  204          -    9.48918      -   166  548s
  3708  2731   12.32866  262  203          -    9.48918      -   168  554s
  3826  2733    9.75883   28  235          -    9.48918      -   170  558s
  3870  2892    9.75883   33  255          -    9.48918      -   172  562s
  4054  2934    9.75883   46  187          -    9.48918      -   173  565s
  4168  3168    9.75883   60  191          -    9.48918      -   173  570s
  4623  3423   10.24724  108  210          -    9.48918      -   172  578s
  4919  3459   10.37544  152  199          -    9.48918      -   172  582s
  5058  3604   10.48133  174  202          -    9.48918      -   173  586s
  5316  3527   10.82178  203  215          -    9.48918      -   172  596s
  5325  3566 infeasible  203               -    9.48918      -   172  600s
  5739  3894   11.08533  242  215          -    9.48918      -   168  607s
  5946  4110   12.50214  273  196          -    9.48918      -   164  615s
  6523  4270    9.72711   24  262          -    9.72711      -   161  624s
  6830  4381    9.72711   39  228          -    9.72711      -   163  628s
  6945  4765    9.72711   59  207          -    9.72711      -   164  633s
  7361  5115    9.74745  105  225          -    9.72711      -   163  638s
  7766  5222   10.09662  139  242          -    9.72711      -   163  643s
  7873  5689    9.84839  148  258          -    9.72711      -   164  650s
  8440  6071   10.12293  183  177          -    9.72711      -   161  656s
  8874  6211   11.05432  237  194          -    9.72711      -   161  661s
  9021  6585   11.06260  241  196          -    9.72711      -   161  667s
  9436  6971   11.44633  279  182          -    9.72711      -   162  674s
  9849  7185   11.85002  320  189          -    9.72711      -   162  680s
 10093  7540    9.83616   87  224          -    9.72711      -   162  687s
 10482  7946    9.83844  131  205          -    9.72711      -   163  718s
 10933  8647   10.03067  185  196          -    9.72711      -   162  728s
 11810  8790   10.28077  245  202          -    9.72711      -   157  733s
 11967  9170   10.44694  249  201          -    9.72711      -   157  740s
 12393  9526   10.58018  283  229          -    9.72711      -   157  746s
 12824  9604   13.27530  320  156          -    9.72711      -   157  751s
 12916 10056   13.31796  324  154          -    9.72711      -   158  757s
 13443 10472   15.79366  383  111          -    9.72711      -   157  763s
 13983 10556 infeasible  409               -    9.72711      -   155  768s
 14085 11088    9.82730   88  185          -    9.72711      -   154  774s
 14773 11404    9.87730  138  191          -    9.72711      -   151  780s
 15107 11606   10.02730  174  201          -    9.72711      -   152  785s
 15528 12226   10.27851  207  195          -    9.72711      -   154  796s
 16027 12394   11.08431  262  197          -    9.72711      -   153  800s
 16201 12797   11.54856  288  181          -    9.72711      -   152  807s
 16713 13252   10.02730  116  183          -    9.72711      -   151  812s
 17224 13261   10.03796  155  192          -    9.72711      -   151  824s
 17235 13335   10.03796  156  191          -    9.72711      -   151  829s
 17317 13733   10.08081  168  205          -    9.72711      -   151  836s
 17836 13856   10.55376  217  216          -    9.72711      -   150  843s
 17961 14276   11.08697  229  220          -    9.72711      -   150  850s
 18452 14743    9.82730   92  154          -    9.72711      -   150  860s
 18962 14855    9.82730  137  175          -    9.72711      -   150  865s
 19082 15368    9.82730  147  176          -    9.72711      -   150  873s
 19729 15754    9.82730  161  182          -    9.72711      -   148  880s
 20317 15821    9.93055  174  200          -    9.72711      -   146  885s
 20398 16218   10.02990  177  216          -    9.72711      -   147  891s
 20835 16551   10.23154  199  221          -    9.72711      -   147  917s
 21225 16907   10.32730  218  200          -    9.72711      -   147  926s
 21595 17379   10.37730  249  192          -    9.72711      -   148  935s
 22109 17729   11.24336  281  184          -    9.72711      -   148  942s
 22549 18391 infeasible  315               -    9.72711      -   147  951s
 23318 18616 infeasible  403               -    9.72711      -   147  957s
 23571 19177    9.92730   98  180          -    9.72711      -   147  965s
 24249 19463   10.27049  156  153          -    9.72711      -   146  971s
 24558 20044   10.50764  186  190          -    9.72711      -   146  978s
 25226 20201 infeasible  273               -    9.72711      -   145  984s
 25407 20654   10.72970  304  195          -    9.72711      -   145  991s
 25930 21045   13.27429  377  163          -    9.72711      -   145  997s
 26439 21176 infeasible  446               -    9.72711      -   146 1003s
 26590 21592    9.82950  101  224          -    9.72711      -   146 1009s
 27040 22104   10.16574  148  215          -    9.72711      -   146 1015s
 27643 22291   10.21603  227  262          -    9.72711      -   145 1021s
 27848 22766   10.42818  247  190          -    9.72711      -   145 1027s
 28394 23033   12.52900  304  173          -    9.72711      -   144 1033s
 28752 23250    9.84842   84  209          -    9.72711      -   144 1039s
 28975 23689   10.03720  130  243          -    9.72711      -   144 1045s
 29517 24006   10.28647  214  217          -    9.72711      -   144 1051s
 29891 24209 infeasible  272               -    9.72711      -   144 1057s
 30128 24727    9.92730   93  193          -    9.72711      -   144 1064s
 30736 24838    9.92730  150  197          -    9.72711      -   143 1069s
 30853 24848   10.12402  164  170          -    9.72711      -   144 1078s
 30867 25057   10.13398  165  188          -    9.72711      -   144 1084s
 31090 25749   10.22402  178  191          -    9.72711      -   144 1108s
 31946 25811   10.57402  256  179          -    9.72711      -   143 1112s
 32008 26091   10.60375  258  204          -    9.72711      -   143 1116s
 32312 26256   10.87526  289  189          -    9.72711      -   143 1120s
 32491 26660   11.13061  303  202          -    9.72711      -   143 1125s
 33004 26863    9.82730   88  169          -    9.72711      -   142 1130s
 33213 27319    9.82730  113  183          -    9.72711      -   142 1135s
 33772 27436 infeasible  149               -    9.72711      -   142 1141s
 33921 27779    9.92858  160  200          -    9.72711      -   142 1147s
 34290 28109   10.13181  209  210          -    9.72711      -   142 1154s
 34662 28268   10.37899  260  216          -    9.72711      -   143 1165s
 34841 28678   10.37898  273  216          -    9.72711      -   143 1171s
 35332 29096   10.58119  314  209          -    9.72711      -   142 1177s
 35783 29199   10.93753  360  218          -    9.72711      -   142 1181s
 35888 29569   10.93394  363  187          -    9.72711      -   143 1188s
 36316 30012   11.46991  411  233          -    9.72711      -   142 1194s
 36871 30073    9.82730   89  173          -    9.72711      -   142 1199s
 36936 30523    9.82730   96  174          -    9.72711      -   142 1204s
 37511 30689    9.82730  102  199          -    9.72711      -   141 1210s
 37677 31075    9.82730  112  197          -    9.72711      -   142 1218s
 38076 31195    9.82730  149  181          -    9.72711      -   142 1225s
 38196 31500    9.82730  156  185          -    9.72711      -   143 1232s
 38523 31638   14.42557  190  181          -    9.72711      -   143 1237s
 38663 32026   11.09565  205  198          -    9.72711      -   144 1244s
 39075 32176   10.43845  249  166          -    9.72711      -   144 1249s
 39232 32543   11.27521  266  160          -    9.72711      -   144 1255s
 39703 32769    9.82730   89  215          -    9.72711      -   144 1261s
 39960 33072   11.33631  104  203          -    9.72711      -   144 1268s
 40310 33281   10.02151  135  224          -    9.72711      -   144 1274s
 40527 33688   10.58415  154  171          -    9.72711      -   144 1283s
 41001 33961   10.02864  189  200          -    9.72711      -   144 1291s
 41292 34468   10.40156  223  175          -    9.72711      -   144 1314s
 41713 34468   10.36315  208  218          -    9.72711      -   144 1315s
 41863 34473   11.42273  307  174          -    9.72711      -   144 1328s
 41872 34509 infeasible  305               -    9.72711      -   144 1335s
 41942 34727   14.23272  309  143          -    9.72711      -   144 1342s
 42179 35397    9.82730   85  180          -    9.72711      -   144 1352s
 42962 35574    9.83347  135  203          -    9.72711      -   144 1359s
 43209 35810    9.83347  153  199          -    9.72711      -   144 1366s
 43449 36240    9.83347  171  232          -    9.72711      -   144 1374s
 43910 36320 infeasible  202               -    9.72711      -   145 1380s
 44006 36857   10.07730  203  197          -    9.72711      -   145 1388s
 44589 37148   10.37646  262  220          -    9.72711      -   145 1397s
 44940 37435   10.43138  275  220          -    9.72711      -   145 1405s
 45283 37975   11.33855  321  187          -    9.72711      -   145 1415s
 45953 38085    9.85756  100  218          -    9.72711      -   144 1421s
 46079 38471    9.93183  112  210          -    9.72711      -   145 1429s
 46501 38930    9.82730  154  193          -    9.72711      -   145 1437s
 47060 39180   10.67932  226  173          -    9.72711      -   145 1444s
 47336 39598   11.41798  264  169          -    9.72711      -   145 1452s
 47799 39781    9.92730  104  194          -    9.72711      -   145 1458s
 47992 40218   11.00835  139  160          -    9.72711      -   145 1465s
 48494 40401   10.37730  191  224          -    9.72711      -   145 1472s
 48709 40796   10.56861  209  206          -    9.72711      -   145 1479s
 49236 40995    9.82730  104  211          -    9.72711      -   145 1486s
 49443 41505    9.82730  124  192          -    9.72711      -   145 1495s
 50012 41716   10.08393  172  209          -    9.72711      -   145 1501s
 50243 42090   10.28518  191  231          -    9.72711      -   146 1510s
 50672 42260   12.69392  240  166          -    9.72711      -   146 1516s
 50845 42724   10.73049  252  209          -    9.72711      -   146 1527s
 51430 42885    9.82730  100  205          -    9.72711      -   146 1535s
 51607 43393    9.82905  115  203          -    9.72711      -   146 1563s
 52192 43597   10.12730  167  207          -    9.72711      -   146 1569s
 52424 44093   10.72988  197  186          -    9.72711      -   146 1576s
 53016 44238    9.82730   78  211          -    9.72711      -   145 1582s
 53169 44714    9.82730  106  188          -    9.72711      -   146 1589s
 53736 44801    9.87646  143  186          -    9.72711      -   146 1595s
 53823 45059    9.87646  147  177          -    9.72711      -   146 1600s
 54095 45470    9.87646  164  177          -    9.72711      -   146 1607s
 54659 45692    9.92931  203  183          -    9.72711      -   145 1613s
 54893 46243   10.02905  219  197          -    9.72711      -   145 1620s
 55498 46413   10.12514  241  199          -    9.72711      -   145 1627s
 55720 46652   10.35035  255  215          -    9.72711      -   145 1633s
 55995 46662   10.43581  282  202          -    9.72711      -   145 1645s
 56005 46778   10.48384  281  193          -    9.72711      -   145 1650s
 56121 47224   10.54004  285  209          -    9.72711      -   145 1657s
 56617 47528   10.78384  324  197          -    9.72711      -   145 1664s
 56967 47761   11.02751  354  201          -    9.72711      -   146 1670s
 57231 48218   11.54694  391  192          -    9.72711      -   145 1679s
 57867 48340 infeasible  437               -    9.72711      -   145 1686s
 58029 48714    9.82730   25  278          -    9.72711      -   145 1693s
 58417 48801    9.82730   34  255          -    9.72711      -   145 1700s
 58506 49346    9.82730   43  253          -    9.72711      -   145 1708s
 59096 49805    9.82730   78  221          -    9.72711      -   145 1715s
 59583 49939    9.82968   97  239          -    9.72711      -   145 1722s
 59757 50401    9.82968  113  235          -    9.72711      -   145 1731s
 60264 50650   10.02737  150  230          -    9.72711      -   145 1739s
 60567 50848   10.35940  171  227          -    9.72711      -   145 1746s
 60781 51297   12.16501  185  192          -    9.72711      -   145 1753s
 61293 51341   11.23811  236  215          -    9.72711      -   145 1759s
 61353 51716   11.13129  234  196          -    9.72711      -   145 1767s
 61862 52165    9.82730   50  199          -    9.72711      -   145 1793s
 62383 52261    9.82730   83  215          -    9.72711      -   145 1800s
 62489 52792    9.82730   93  188          -    9.72711      -   146 1810s
 63143 53184    9.82730  118  188          -    9.72711      -   146 1817s
 63571 53327   10.31153  127  194          -    9.72711      -   146 1824s
 63730 53769    9.82730  132  193          -    9.72711      -   146 1834s
 64331 53981    9.92730  149  194          -    9.72711      -   145 1841s
 64543 54282   10.16609  171  171          -    9.72711      -   145 1848s
 64848 54517   10.51036  224  167          -    9.72711      -   146 1855s
 65088 55068   11.05017  265  183          -    9.72711      -   146 1864s
 65751 55221    9.82730   53  219          -    9.72711      -   146 1871s
 65920 55578    9.82730   85  193          -    9.72711      -   146 1879s
 66361 55897 infeasible  135               -    9.72711      -   146 1887s
 66730 55999   10.20056  173  194          -    9.72711      -   146 1893s
 66834 56419   10.24865  181  232          -    9.72711      -   146 1901s
 67280 56893 infeasible  211               -    9.72711      -   146 1910s
 67836 56913   11.81983  264  190          -    9.72711      -   146 1960s
 67856 56981   10.70013  265  182          -    9.72711      -   146 1967s
 67930 57059   10.72965  264  191          -    9.72711      -   146 1973s
 68008 57588   10.80010  275  194          -    9.72711      -   147 1982s
 68677 57933    9.82730   56  201          -    9.72711      -   146 1990s
 69071 58106   10.81397   91  159          -    9.72711      -   146 1997s
 69248 58683    9.82730  104  187          -    9.72711      -   146 2006s
 69863 59234    9.82730  159  193          -    9.72711      -   146 2015s
 70488 59377   10.57663  209  171          -    9.72711      -   146 2021s
 70641 59834   10.13052  220  213          -    9.72711      -   146 2030s
 71282 60124   10.48857  254  230          -    9.72711      -   146 2037s
 71685 60310   10.68589  287  208          -    9.72711      -   146 2044s
 71877 60804   10.82396  291  201          -    9.72711      -   146 2052s
 72412 61075   11.95939  343  176          -    9.72711      -   146 2076s
 72705 61783   11.71909  368  194          -    9.72711      -   146 2089s
 73542 61860    9.82730   89  212          -    9.72711      -   146 2095s
 73623 62373    9.82730   99  206          -    9.72711      -   146 2103s
 74248 62673   10.03874  162  198          -    9.72711      -   146 2110s
 74586 63081   10.14528  204  220          -    9.72711      -   146 2117s
 75036 63250   10.47730  255  225          -    9.72711      -   145 2123s
 75235 63750   11.64024  272  195          -    9.72711      -   145 2131s
 75822 64299    9.82730  111  185          -    9.72711      -   145 2138s
 76483 64399   10.12055  182  157          -    9.72711      -   145 2144s
 76599 64891   10.27055  193  157          -    9.72711      -   145 2150s
 77128 65341   10.53698  244  185          -    9.72711      -   145 2157s
 77647 65482   11.61920  303  177          -    9.72711      -   145 2163s
 77820 65822    9.82730   46  215          -    9.72711      -   145 2170s
 78186 66201    9.82730   91  197          -    9.72711      -   145 2177s
 78656 66285    9.83261  115  210          -    9.72711      -   145 2183s
 78744 66703    9.83261  122  205          -    9.72711      -   145 2191s
 79184 67146    9.96180  159  202          -    9.72711      -   145 2200s
 79756 67190 infeasible  194               -    9.72711      -   145 2206s
 79832 67641   10.22730  202  198          -    9.72711      -   145 2213s
 80506 67825   10.55100  241  230          -    9.72711      -   145 2220s
 80722 68303   10.88991  248  236          -    9.72711      -   145 2228s
 81302 68526  222.76475  314  150          -    9.72711      -   145 2237s
 81575 68850    9.82730   96  199          -    9.72711      -   145 2247s
 81969 69244    9.83049  115  213          -    9.72711      -   145 2254s
 82458 69338    9.88134  165  241          -    9.72711      -   144 2261s
 82554 69659    9.98049  178  200          -    9.72711      -   145 2268s
 82895 70289   11.56960  222  209          -    9.72711      -   145 2295s
 83589 70338 infeasible  333               -    9.72711      -   145 2300s
 83644 70696   11.84975  332  200          -    9.72711      -   145 2308s
 84119 70950    9.82730   64  206          -    9.72711      -   144 2317s
 84385 71073    9.92730   96  192          -    9.72711      -   145 2325s
 84510 71527   10.02730  105  193          -    9.72711      -   145 2333s
 85008 71933   10.48481  182  241          -    9.72711      -   145 2341s
 85435 72100   11.02868  220  204          -    9.72711      -   144 2347s
 85662 72561   10.93140  243  178          -    9.72711      -   144 2354s
 86287 72628    9.82730   86  209          -    9.72711      -   144 2362s
 86370 73003    9.82730   97  210          -    9.72711      -   144 2370s
 86765 73289   10.01014  145  231          -    9.72711      -   144 2377s
 87061 73363   11.07476  172  176          -    9.72711      -   145 2382s
 87137 73750   10.07730  182  196          -    9.72711      -   145 2389s
 87542 74241   10.30879  217  232          -    9.72711      -   145 2400s
 88083 74347   10.37302  241  227          -    9.72711      -   145 2407s
 88189 74878   10.61216  252  157          -    9.72711      -   145 2414s
 88858 75195   10.81651  293  218          -    9.72711      -   144 2420s
 89366 75330   11.84667  334  212          -    9.72711      -   144 2425s
 89503 75762   11.12880  332  214          -    9.72711      -   144 2431s
 89968 76143   16.06394  364  199          -    9.72711      -   144 2438s
 90436 76303    9.82730   97  192          -    9.72711      -   144 2444s
 90602 76693    9.88887  118  257          -    9.72711      -   144 2451s
 91053 76977    9.82833  157  205          -    9.72711      -   144 2460s
 91430 77050    9.99001  195  167          -    9.72711      -   144 2467s
 91503 77530   10.08274  203  173          -    9.72711      -   144 2474s
 92020 77837   10.18835  243  237          -    9.72711      -   144 2480s
 92396 77939   10.44219  281  221          -    9.72711      -   144 2485s
 92502 78361   10.54842  289  213          -    9.72711      -   144 2493s
 92958 78735   10.66014  312  205          -    9.72711      -   144 2500s
 93413 78915   10.94004  353  217          -    9.72711      -   144 2525s
 93601 80023   11.32443  374  186          -    9.72711      -   144 2543s
 94921 80110    9.82730   85  194          -    9.72711      -   144 2549s
 95012 80600    9.82730   97  205          -    9.72711      -   144 2557s
 95521 81064    9.82859  125  207          -    9.72711      -   144 2564s
 96032 81105    9.93234  167  242          -    9.72711      -   144 2569s
 96083 81633    9.97730  171  223          -    9.72711      -   144 2576s
 96724 82096   10.23262  203  240          -    9.72711      -   144 2583s
 97304 82126   11.31048  247  182          -    9.72711      -   144 2590s
 97338 82263   11.36048  248  184          -    9.72711      -   144 2595s
 97476 82565   11.44009  256  177          -    9.72711      -   144 2601s
 97824 82845    9.82730   94  182          -    9.72711      -   144 2607s
 98134 82957    9.82730  110  176          -    9.72711      -   144 2614s
 98248 83446    9.82730  124  167          -    9.72711      -   144 2621s
 98774 83928    9.87730  166  156          -    9.72711      -   144 2628s
 99409 84059   10.08632  222  206          -    9.72711      -   144 2634s
 99544 84343   10.17878  224  193          -    9.72711      -   144 2640s
 99851 84428   10.33462  271  198          -    9.72711      -   144 2646s
 99937 84766   10.33544  276  202          -    9.72711      -   145 2652s
 100301 84834   10.57654  301  222          -    9.72711      -   145 2669s
 100377 84903   10.57666  303  195          -    9.72711      -   145 2676s
 100448 85155   10.57804  313  210          -    9.72711      -   145 2686s
 100704 85515   10.69124  329  219          -    9.72711      -   145 2699s
 101092 85622   10.93323  354  218          -    9.72711      -   145 2710s
 101205 86002   11.02699  363  226          -    9.72711      -   145 2722s
 101697 86290 infeasible  416               -    9.72711      -   145 2736s
 102040 86398    9.82730   43  243          -    9.72711      -   145 2747s
 102150 86731    9.82730   53  242          -    9.72711      -   145 2760s
 102603 86990    9.83049   76  226          -    9.72711      -   145 2775s
 102916 87124    9.93049   99  198          -    9.72711      -   145 2785s
 103054 87476    9.93049  105  200          -    9.72711      -   145 2797s
 103454 87834   10.20765  136  222          -    9.72711      -   146 2810s
 103848 87961   10.03341  172  235          -    9.72711      -   146 2846s
 103981 89775   10.13049  194  208          -    9.72711      -   146 2896s
 106159 89849    9.82730   39  249          -    9.72711      -   145 2906s
 106233 89943    9.82730   44  238          -    9.72711      -   145 2916s
 106327 90284   10.80577   57  212          -    9.72711      -   145 2929s
 106768 90637    9.82730   86  179          -    9.72711      -   145 2940s
 107150 90766    9.82730  113  192          -    9.72711      -   145 2949s
 107282 91109    9.83459  119  208          -    9.72711      -   146 2960s
 107672 91397    9.92730  153  197          -    9.72711      -   146 2971s
 107990 91542 infeasible  184               -    9.72711      -   146 2981s
 108151 91951   10.27754  191  212          -    9.72711      -   146 2995s
 108634 92350 infeasible  237               -    9.72711      -   146 3008s
 109133 92436    9.82730   31  284          -    9.72711      -   145 3018s
 109237 92770    9.82730   39  249          -    9.72711      -   145 3030s
 109730 92976    9.83813   73  268          -    9.72711      -   145 3039s
 109942 93091    9.92803   95  233          -    9.72711      -   146 3047s
 110057 93337    9.92811  111  224          -    9.72711      -   146 3058s
 110315 93672   10.15006  137  260          -    9.72711      -   146 3069s
 110601 93672    9.82730   89  175          -    9.72711      -   146 3070s
 110679 93743   10.17904  166  216          -    9.72711      -   146 3078s
 110752 94209   11.80986  171  199          -    9.72711      -   146 3091s
 111259 94598   10.37730  207  210          -    9.72711      -   146 3104s
 111679 94669   10.48006  234  221          -    9.72711      -   146 3113s
 111750 95139   10.57730  243  221          -    9.72711      -   146 3126s
 112306 95484   10.92812  308  208          -    9.72711      -   146 3139s
 112687 95690   12.15443  349  168          -    9.72711      -   146 3152s
 112899 96069   13.11401  371  193          -    9.72711      -   146 3166s
 113434 96168    9.82730   41  272          -    9.72711      -   146 3177s
 113533 96553    9.82886   66  234          -    9.72711      -   146 3189s
 113924 96933   10.35501  122  175          -    9.72711      -   146 3203s
 114365 97103   11.57892  199  188          -    9.72711      -   147 3240s
 114549 98064   11.06879  235  224          -    9.72711      -   147 3274s
 115713 98138    9.82776   56  263          -    9.72711      -   147 3287s
 115789 98632    9.82730   70  209          -    9.72711      -   147 3304s

Gurobi 12.0.1 (win64) logging started Tue Jun 30 01:42:39 2026

Set parameter LogFile to value "C:\Users\emrec\Documents\parallel_scheduling\exact1\gurobi_exact_full.log"
Set parameter MIPGap to value 0.05
Set parameter OutputFlag to value 1
Set parameter TimeLimit to value 21600
Set parameter MIPFocus to value 1
Set parameter NoRelHeurTime to value 120
 116381 98698    9.83049  113  200          -    9.72711      -   147 3366s
 116457 98775    9.93658  144  198          -    9.72711      -   147 3380s
 116538 98852    9.98168  150  222          -    9.72711      -   147 3395s
 116621 99288   10.04993  159  217          -    9.72711      -   147 3413s
 117165 99696   10.28049  195  218          -    9.72711      -   147 3429s
 117722 99843   10.78106  249  197          -    9.72711      -   147 3444s
 117899 100386   11.38142  265  171          -    9.72711      -   147 3461s
 118587 100600    9.83049   46  222          -    9.72711      -   147 3475s
 118818 101013    9.90416   75  275          -    9.72711      -   147 3491s
 119373 101140    9.83049  107  206          -    9.72711      -   147 3504s
 119500 101570    9.89586  121  197          -    9.72711      -   147 3521s
 119995 102051   10.18556  210  189          -    9.72711      -   147 3536s
 120522 102134   10.95814  278  203          -    9.72711      -   147 3550s
 120605 102657   10.73750  279  181          -    9.72711      -   147 3566s
 121213 102960    9.82730   49  196          -    9.72711      -   147 3579s
 121592 103060    9.82730   84  204          -    9.72711      -   147 3592s
 121694 103412    9.82730   95  192          -    9.72711      -   147 3606s
Gurobi Optimizer version 12.0.1 build v12.0.1rc0 (win64 - Windows 11+.0 (26200.2))

CPU model: Intel(R) Core(TM) i5-10300H CPU @ 2.50GHz, instruction set [SSE2|AVX|AVX2]
Thread count: 4 physical cores, 8 logical processors, using up to 8 threads

Non-default parameters:
TimeLimit  21600
MIPGap  0.05
MIPFocus  1
NoRelHeurTime  120

Optimize a model with 72708 rows, 29196 columns and 214455 nonzeros
Model fingerprint: 0x00fc67bf
Model has 3564 simple general constraints
  2376 MAX, 1188 MIN
Variable types: 5104 continuous, 24092 integer (23984 binary)
Coefficient statistics:
  Matrix range     [3e-01, 5e+04]
  Objective range  [3e-03, 1e+00]
  Bounds range     [1e+00, 5e+04]
  RHS range        [1e+00, 1e+05]
  GenCon const rng [6e+02, 2e+04]
Presolve removed 46877 rows and 4309 columns
Presolve time: 2.72s
Presolved: 25831 rows, 24887 columns, 168743 nonzeros
Variable types: 3108 continuous, 21779 integer (21755 binary)
Starting NoRel heuristic
Found phase-1 solution: relaxation 27414.2
Found phase-1 solution: relaxation 18831.9
Found phase-1 solution: relaxation 18665.7
Found phase-1 solution: relaxation 16979.8
 122109 103842    9.82730  129  191          -    9.72711      -   147 3622s
Found phase-1 solution: relaxation 16414.7
Found phase-1 solution: relaxation 14950.1
Found phase-1 solution: relaxation 14723.5
Found phase-1 solution: relaxation 13438
Found phase-1 solution: relaxation 13288.5
Found phase-1 solution: relaxation 13286.5
Found phase-1 solution: relaxation 12703.1
Found phase-1 solution: relaxation 12403.3
Found phase-1 solution: relaxation 12401.3
Found phase-1 solution: relaxation 12169
Found phase-1 solution: relaxation 11858.2
Found phase-1 solution: relaxation 10937.6
Found phase-1 solution: relaxation 10283.3
Found phase-1 solution: relaxation 9860.06
Found phase-1 solution: relaxation 9259.81
Elapsed time for NoRel heuristic: 5s (best bound 6.88282)
Found phase-1 solution: relaxation 8811.19
Found phase-1 solution: relaxation 8750.18
Found phase-1 solution: relaxation 8420.56
Found phase-1 solution: relaxation 8393.5
Found phase-1 solution: relaxation 8323.66
Found phase-1 solution: relaxation 6596.24
Found phase-1 solution: relaxation 6455.64
Found phase-1 solution: relaxation 6121
Found phase-1 solution: relaxation 5128.16
Found phase-1 solution: relaxation 5091.29
Found phase-1 solution: relaxation 5059.81
Found phase-1 solution: relaxation 4924.39
Found phase-1 solution: relaxation 4861.57
Found phase-1 solution: relaxation 4840.29
Found phase-1 solution: relaxation 4777.48
Found phase-1 solution: relaxation 4570.76
Found phase-1 solution: relaxation 4121.2
Found phase-1 solution: relaxation 3804.6
Found phase-1 solution: relaxation 3754.02
Found phase-1 solution: relaxation 3182.22
Found phase-1 solution: relaxation 3085.38
Found phase-1 solution: relaxation 2609.61
Elapsed time for NoRel heuristic: 10s (best bound 6.88282)
Found phase-1 solution: relaxation 2265.74
Found phase-1 solution: relaxation 2021.07
Found phase-1 solution: relaxation 1952
Found phase-1 solution: relaxation 1710.69
Found phase-1 solution: relaxation 1468.57
Found phase-1 solution: relaxation 1207.97
Found phase-1 solution: relaxation 1203.86
Found phase-1 solution: relaxation 1106.82
Found phase-1 solution: relaxation 1104.82
Found phase-1 solution: relaxation 1102.62
Found phase-1 solution: relaxation 941.686
Elapsed time for NoRel heuristic: 16s (best bound 6.88282)
Found phase-1 solution: relaxation 838.539
Found phase-1 solution: relaxation 705.438
Found phase-1 solution: relaxation 146.535
 122608 104032   10.02730  167  203          -    9.72711      -   147 3639s
Found phase-1 solution: relaxation 90.1613
Elapsed time for NoRel heuristic: 22s (best bound 6.88282)
Found phase-1 solution: relaxation 89.1613
Found phase-1 solution: relaxation 11
Found phase-1 solution: relaxation 10
Elapsed time for NoRel heuristic: 28s (best bound 6.88282)
Elapsed time for NoRel heuristic: 37s (best bound 6.88282)
 122798 104379   10.12402  181  184          -    9.72711      -   147 3661s
Elapsed time for NoRel heuristic: 45s (best bound 6.88282)
Found phase-1 solution: relaxation 8
Elapsed time for NoRel heuristic: 55s (best bound 6.88282)
Elapsed time for NoRel heuristic: 60s (best bound 6.88282)
 123189 104516   10.32663  218  205          -    9.72711      -   148 3685s
Elapsed time for NoRel heuristic: 69s (best bound 6.88282)
Found phase-1 solution: relaxation 6
 123326 105002   10.37538  230  193          -    9.72711      -   148 3707s
Elapsed time for NoRel heuristic: 89s (best bound 6.88282)
Elapsed time for NoRel heuristic: 97s (best bound 6.88282)
 123861 105457   10.91725  297  199          -    9.72711      -   148 3727s
 124377 105555   11.82031  367  227          -    9.72711      -   148 3740s
 124477 106040   11.93378  377  208          -    9.72711      -   148 3759s
 125065 106632    9.82730   47  227          -    9.72711      -   148 3805s
 125808 106663    9.92730   82  198          -    9.72711      -   147 3813s
 125863 106868    9.92730   89  198          -    9.72711      -   147 3824s
 126106 107093    9.92730  105  184          -    9.72711      -   148 3835s
 126331 107412   10.26902  127  158          -    9.72711      -   148 3850s
 126663 107497   10.07441  169  200          -    9.72711      -   148 3862s
 126748 107919   10.03697  174  203          -    9.72711      -   148 3878s
 127194 108344   10.22850  215  202          -    9.72711      -   148 3896s
 127690 108440   10.62730  249  190          -    9.72711      -   148 3908s
 127806 108851   10.82730  259  211          -    9.72711      -   148 3923s
 128267 109068    9.82730   48  228          -    9.72711      -   148 3935s
 128494 109497    9.82833   62  210          -    9.72711      -   148 3951s
 128985 109703   10.32254  103  207          -    9.72711      -   148 3965s
 129214 110043    9.92730  120  194          -    9.72711      -   148 3979s
 129588 110285    9.98353  166  197          -    9.72711      -   149 3993s
 129852 110540   10.22730  185  183          -    9.72711      -   149 4007s
 130117 111193   10.22730  211  183          -    9.72711      -   149 4025s
 130865 111303   10.52730  260  223          -    9.72711      -   148 4041s
 130983 111715   10.62730  265  209          -    9.72711      -   148 4060s
 131540 112059   11.12730  297  234          -    9.72711      -   148 4083s
 131928 112177    9.82730   39  258          -    9.72711      -   148 4104s
 132046 112787    9.82730   47  232          -    9.72711      -   149 4131s
 132687 113161    9.92402  104  183          -    9.72711      -   148 4157s
 133158 113299   10.87418  148  237          -    9.72711      -   148 4189s
 133304 113716    9.93308  169  181          -    9.72711      -   148 4216s
 133821 114130   10.32765  243  215          -    9.72711      -   148 4233s
 134294 114223   10.58396  286  221          -    9.72711      -   148 4247s
 134413 114603   10.63606  293  222          -    9.72711      -   148 4267s
 134816 114991   10.93274  320  180          -    9.72711      -   149 4297s
 135268 115115   11.23532  371  211          -    9.72711      -   149 4368s
 135392 116655   11.33335  378  211          -    9.72711      -   149 4462s
 137194 116737    9.82730  108  181          -    9.72711      -   149 4483s
 137278 117291    9.82730  121  180          -    9.72711      -   149 4516s
 137877 117369   10.12730  188  201          -    9.72711      -   149 4536s
 137977 117879   10.22730  194  208          -    9.72711      -   149 4561s
 138583 118264   11.00291  271  187          -    9.72711      -   148 4578s
 139025 118352   12.42061  340  176          -    9.72711      -   148 4592s
 139117 118825   15.09548  340  197          -    9.72711      -   149 4606s
 139643 119224   18.31246  381  123          -    9.72711      -   148 4622s
 140121 119367    9.83049  123  205          -    9.72711      -   148 4642s
 140264 119732    9.83049  144  208          -    9.72711      -   148 4672s
 140707 120019    9.88049  173  192          -    9.72711      -   148 4688s
 141056 120110   10.19042  203  221          -    9.72711      -   149 4703s
 141147 120116   10.04609  206  235          -    9.72711      -   149 4818s
 141153 120213   10.07858  207  234          -    9.72711      -   149 4839s
 141250 120304   10.22681  215  231          -    9.72711      -   149 4857s
 141341 120697   10.23760  226  227          -    9.72711      -   149 4886s
 141774 121005   10.76542  284  163          -    9.72711      -   149 4913s
 142140 121119   11.40991  334  167          -    9.72711      -   149 4936s
 142276 121558   11.58891  341  175          -    9.72711      -   149 4964s
 142872 121793    9.82730   52  239          -    9.72711      -   149 4989s
 143135 122165    9.82730   90  206          -    9.72711      -   149 5016s
 143548 122275   10.18892  149  212          -    9.72711      -   149 5039s
 143662 122752    9.82973  162  208          -    9.72711      -   149 5065s
 144178 123193   10.17730  206  200          -    9.72711      -   149 5091s
 144746 123356   10.48260  252  232          -    9.72711      -   149 5116s
 144931 123900   10.68442  269  223          -    9.72711      -   149 5144s
 145618 124288   11.49691  118  176          -    9.73030      -   149 5230s
 146095 124498   10.70387  165  183          -    9.73030      -   149 5255s
 146313 125124   11.97857  183  206          -    9.73030      -   149 5283s
 146989 125250   10.97419  224  144          -    9.73030      -   149 5308s
 147155 125694   11.07890  244  181          -    9.73030      -   149 5336s
 147757 125794   12.00314  298  191          -    9.73030      -   149 5363s
 147859 126303   12.10287  303  205          -    9.73030      -   149 5395s
 148435 126693   12.95568  373  200          -    9.73030      -   149 5423s
 148891 126837    9.83049  107  206          -    9.73030      -   149 5447s
 149041 127361    9.85482  128  219          -    9.73030      -   149 5478s
 149593 128030   10.01687  180  178          -    9.73030      -   149 5506s
 150385 128197    9.83049   97  216          -    9.73030      -   148 5518s
 150552 128689    9.92856  125  214          -    9.73030      -   148 5533s
 151155 129025   10.02574  159  193          -    9.73030      -   148 5553s
 151530 129134   10.12574  188  191          -    9.73030      -   148 5575s
 151651 129568   10.27292  198  207          -    9.73030      -   148 5603s
 152147 129764   10.59275  239  208          -    9.73030      -   148 5626s
 152376 130163   10.78593  272  191          -    9.73030      -   148 5655s
 152880 130352   11.16003  328  219          -    9.73030      -   148 5675s
 153077 130811   11.59577  352  177          -    9.73030      -   148 5706s
 153660 131275    9.83049  130  206          -    9.73030      -   148 5737s
 154174 131424   10.08206  181  203          -    9.73030      -   148 5763s
 154325 131826   10.13575  191  198          -    9.73030      -   148 5791s
 154794 132401   10.48378  248  201          -    9.73030      -   148 5822s
 155436 132524   10.95017  305  195          -    9.73030      -   148 5838s
 155590 133079   11.35289  320  205          -    9.73030      -   148 5864s
 156298 133374    9.83049  130  207          -    9.73030      -   147 5946s
 156650 134071    9.88526  159  223          -    9.73030      -   147 5999s
 157030 134071   10.06895  155  227          -    9.73030      -   147 6000s
 157435 134128   10.13779  235  216          -    9.73030      -   147 6024s
 157492 134657   10.14185  243  214          -    9.73030      -   147 6061s
 158125 135286    9.83049  129  173          -    9.73030      -   147 6083s
 158875 135296   10.13049  168  202          -    9.73030      -   147 6094s
 158927 135638   12.07148  177  188          -    9.73030      -   147 6108s
 159452 135716   10.28079  220  196          -    9.73030      -   147 6122s
 159568 136194   10.38049  225  194          -    9.73030      -   147 6144s
 160021 136194    9.83049   99  196          -    9.73030      -   147 6145s
 160127 136492  392.42315  290  165          -    9.73030      -   147 6164s
 160495 136578    9.83049  141  185          -    9.73030      -   147 6182s
 160583 136929    9.93049  150  204          -    9.73030      -   147 6209s
 160970 137083   10.03049  179  214          -    9.73030      -   147 6231s
 161136 137544   10.13049  201  221          -    9.73030      -   147 6257s
 161701 137613   10.33112  242  222          -    9.73030      -   147 6276s
 161800 138091   10.48376  266  195          -    9.73030      -   147 6303s
 162368 138249   11.50986  336  169          -    9.73030      -   146 6324s
 162534 138619   11.55360  335  171          -    9.73030      -   146 6347s
 163001 138730 infeasible  401               -    9.73030      -   146 6369s
 163132 139070    9.83049  128  189          -    9.73030      -   146 6391s
 163496 139321    9.83049  158  196          -    9.73030      -   146 6412s
 163764 139387    9.93049  175  188          -    9.73030      -   147 6429s
 163830 139750    9.94840  179  199          -    9.73030      -   147 6454s
 164235 140077    9.93630  211  209          -    9.73030      -   147 6472s
 164630 140195   10.23049  252  186          -    9.73030      -   147 6495s
 164754 140565   10.26504  268  193          -    9.73030      -   147 6525s
 165166 140966   10.97291  322  159          -    9.73030      -   147 6563s
 165681 141044 infeasible  356               -    9.73030      -   146 6584s
 165765 141044   10.63755  333  232          -    9.73030      -   146 6585s
 165775 141485   10.70368  110  157          -    9.73030      -   146 6612s
 166286 141906   10.80566  151  183          -    9.73030      -   146 6635s
 166800 142189   11.10368  189  182          -    9.73030      -   146 6694s
 166934 142189    9.83049  135  190          -    9.73030      -   146 6695s
 167127 142724   11.25368  206  189          -    9.73030      -   146 6734s
 167289 142724   10.23525  240  206          -    9.73030      -   146 6735s
 167753 142929   16.38850  256  165          -    9.73030      -   146 6770s
 167969 143654   16.39650  279  193          -    9.73030      -   146 6806s
 168814 144099    9.92730  136  183          -    9.73030      -   146 6841s
 169422 144197    9.92730  163  184          -    9.73030      -   146 6869s
 169473 144197   12.85117  336  187          -    9.73030      -   146 6870s
 169529 144661    9.97730  173  175          -    9.73030      -   146 6899s
 170125 144937   10.29584  218  164          -    9.73030      -   146 6921s
 170427 145137   10.29524  236  201          -    9.73030      -   146 6945s
 170631 145531   10.39991  254  168          -    9.73030      -   146 6972s
 171069 145591   10.61168  285  183          -    9.73030      -   146 6996s
 171135 145994   13.43414  287  167          -    9.73030      -   146 7023s
 171634 146325 infeasible  337               -    9.73030      -   146 7049s
 172058 146455   13.99465  382  165          -    9.73030      -   146 7072s
 172188 146874   11.22240  399  157          -    9.73030      -   146 7108s
 172709 147349    9.83049  114  227          -    9.73030      -   146 7135s
 173268 147515    9.88049  160  190          -    9.73030      -   146 7159s
 173434 147916    9.88049  179  195          -    9.73030      -   146 7184s
 173887 148308   10.13544  219  233          -    9.73030      -   146 7202s
 174351 148546   10.64263  283  242          -    9.73030      -   146 7224s
 174611 148947   12.79713  313  168          -    9.73030      -   146 7253s
 175104 149073   10.03049  157  203          -    9.73030      -   146 7273s
 175241 149515   10.03049  168  195          -    9.73030      -   146 7305s
 175806 149960   10.90785  209  182          -    9.73030      -   146 7330s
 176295 150052   13.07500  269  194          -    9.73030      -   146 7356s
 176389 150576   10.38049  276  219          -    9.73030      -   146 7385s
 176980 150940   12.08733  357  182          -    9.73030      -   145 7415s
 177470 151197    9.83049  132  205          -    9.73030      -   145 7506s
 177731 152051    9.92736  161  163          -    9.73030      -   146 7558s
 178725 152119   10.47952  245  188          -    9.73030      -   145 7581s
 178801 152559   10.53194  251  174          -    9.73030      -   145 7612s
 179369 152856   11.07940  306  187          -    9.73030      -   145 7638s
 179748 153011    9.83049   92  210          -    9.73030      -   145 7664s
 179905 153454    9.83049  114  183          -    9.73030      -   145 7698s
 180419 153458    9.83049  156  205          -    9.73030      -   145 7758s
 180423 153556    9.85873  157  229          -    9.73030      -   145 7785s
 180537 153856    9.89155  168  203          -    9.73030      -   145 7824s
 180862 154088   10.07719  194  220          -    9.73030      -   145 7861s
 181125 154518   10.81040  220  166          -    9.73281      -   145 7894s
 181406 154518   10.38029  276  187          -    9.73281      -   146 7895s
 181583 154647   10.59221  265  233          -    9.73281      -   146 7919s
 181720 155233   10.70359  285  196          -    9.73281      -   146 7963s
 182435 155606   12.47163  334  193          -    9.73281      -   145 8007s
 182950 155777 infeasible  361               -    9.73281      -   145 8057s
 183175 156348    9.83829  147  208          -    9.73281      -   145 8105s
 183894 156515   10.34262  224  179          -    9.73281      -   145 8139s
 183958 156515 infeasible  362               -    9.73281      -   145 8140s
 184099 157142   10.47280  247  182          -    9.73281      -   145 8194s
 184822 157263 infeasible  320               -    9.73281      -   145 8237s
 184983 157783    9.93049  137  195          -    9.73281      -   145 8277s
 185567 158205    9.98182  188  228          -    9.73281      -   145 8310s
 186065 158366   11.06122  265  151          -    9.73281      -   145 8334s
 186289 158802   13.81048  298  137          -    9.73281      -   145 8385s
 186828 158888 infeasible  346               -    9.73281      -   145 8434s
 186896 158888 infeasible  394               -    9.73281      -   145 8435s
 186980 159368    9.83829  144  205          -    9.73281      -   145 8477s
 187536 159709   10.09584  211  206          -    9.73281      -   145 8500s
 187894 160414   11.18990  256  165          -    9.73281      -   145 8634s
 188086 160414   12.24654  297  190          -    9.73281      -   145 8635s
 188785 160462   10.59881  200  166          -    9.73281      -   144 8655s
 188835 160735   10.53642  201  157          -    9.73281      -   144 8678s
 189134 160857   11.00359  244  174          -    9.73281      -   144 8698s
 189266 161277  255.99070  263  171          -    9.73281      -   144 8744s
 189743 161335 infeasible  335               -    9.73281      -   144 8790s
 189811 161680   13.44447  337  156          -    9.73281      -   144 8838s
 190242 161853    9.93049  138  212          -    9.73281      -   144 8867s
 190426 162318   12.26634  155  187          -    9.73281      -   144 8914s
 190513 162318 infeasible  314               -    9.73281      -   144 8915s
 191017 162500   11.15614  191  149          -    9.73281      -   144 8946s
 191218 162974   10.28231  206  153          -    9.73281      -   144 8994s
 191774 163147   11.02219  269  182          -    9.73281      -   144 9027s
 191955 163649   11.04313  281  202          -    9.73281      -   144 9061s
 192579 163789   11.70368  336  191          -    9.73281      -   144 9089s
 192726 164265   11.09069  341  187          -    9.73281      -   144 9125s
 193261 164626 infeasible  407               -    9.73281      -   144 9163s
 193713 164726    9.83450  106  188          -    9.73281      -   144 9190s
 193819 165027   12.40170  124  152          -    9.73281      -   144 9222s
 194150 165397    9.93029  150  189          -    9.73281      -   144 9255s
 194609 165465   10.08171  201  202          -    9.73281      -   144 9282s
 194683 165844   10.10381  208  218          -    9.73281      -   144 9315s
 195133 166153   10.31313  230  206          -    9.73281      -   144 9348s
 195500 166267   10.70977  263  187          -    9.73281      -   144 9374s
 195618 166663   10.43063  268  215          -    9.73281      -   144 9396s
 196054 167133   10.57730  302  200          -    9.73281      -   144 9416s
 196631 167264 infeasible  356               -    9.73281      -   144 9448s
 196790 167666 infeasible  357               -    9.73281      -   144 9484s
 197235 167735 infeasible  391               -    9.74478      -   144 9515s
 197318 168097    9.83829  138  210          -    9.74478      -   144 9552s
 197702 168463    9.98180  180  204          -    9.74478      -   144 9590s
 198145 168711   10.28128  234  230          -    9.74478      -   144 9681s
 198410 169629   10.63232  263  235          -    9.74478      -   144 9760s
 199512 169661    9.82730  156  184          -    9.74478      -   143 9793s
 199570 169947    9.87730  165  186          -    9.74478      -   143 9831s
 199866 170109   11.05945  193  159          -    9.74478      -   144 9869s
 200034 170526   10.07730  210  179          -    9.74478      -   144 9922s
 200551 170714   11.01353  250  177          -    9.74478      -   144 9964s
 200757 171155   10.42730  261  192          -    9.74478      -   144 10013s
 201253 171245   11.47932  310  160          -    9.74478      -   144 10057s
 201347 171614   11.70655  313  157          -    9.74478      -   144 10112s
 201783 171909    9.92946  147  214          -    9.74478      -   144 10162s
 202112 172015    9.92946  196  207          -    9.74478      -   144 10208s
 202218 172474    9.98858  211  234          -    9.74478      -   144 10283s
 202761 172936   10.37966  255  241          -    9.74478      -   144 10323s
 203294 172999   10.77939  313  197          -    9.74478      -   144 10349s
 203359 173446   10.78151  316  199          -    9.74478      -   144 10390s
 203896 173800   14.38287  350  176          -    9.74478      -   144 10431s
 204367 173924   16.28241  375  169          -    9.74478      -   144 10463s
 204498 174354 infeasible  380               -    9.74478      -   144 10498s
 205022 174400   16.80320  407  146          -    9.74478      -   144 10580s
 205118 174501   16.59559  409  165          -    9.74478      -   144 10608s
 205223 174888   16.58149  409  170          -    9.74478      -   144 10648s
 205755 175016    9.87068   88  206          -    9.74478      -   144 10678s
 205883 175456    9.92730  106  182          -    9.74478      -   144 10714s
 206381 176003    9.95672  161  222          -    9.74478      -   144 10766s
 207013 176172  711.95521  218  185          -    9.74478      -   144 10798s
 207215 176559   10.81087  233  174          -    9.74478      -   144 10837s
 207660 176741   10.45989  285  222          -    9.74478      -   144 10884s
 207853 177139   11.82926  311  205          -    9.74478      -   144 10944s
 208005 177139 infeasible  266               -    9.74478      -   144 10945s
 208280 177290   11.85758  362  184          -    9.74478      -   144 11002s
 208495 177821    9.84159   79  253          -    9.74478      -   144 11143s
 209093 177995   10.76616  134  192          -    9.74478      -   144 11166s
 209292 178306   10.02730  150  210          -    9.74478      -   144 11196s
 209724 178389   10.04440  181  255          -    9.74478      -   144 11221s
 209807 178870   10.11424  188  239          -    9.74478      -   144 11254s
 210371 179394   10.27899  241  223          -    9.74478      -   144 11290s
 210976 179510   11.67685  294  184          -    9.74478      -   144 11315s
 211115 180003   12.17276  297  152          -    9.74478      -   144 11349s
 211526 180003   11.70497  333  197          -    9.74478      -   144 11350s
 211766 180222 infeasible  348               -    9.75425      -   144 11375s
 212007 180489   10.02402   67  201          -    9.75425      -   144 11400s
 212282 180693   10.02402   96  174          -    9.75425      -   144 11432s
 212493 181134   10.08403  124  171          -    9.75425      -   144 11475s
 212979 181262   10.27625  170  179          -    9.75425      -   144 11504s
 213109 181722   10.40263  182  218          -    9.75425      -   144 11543s
 213620 181851   10.68955  240  204          -    9.75425      -   144 11587s
 213762 182396   10.67630  245  175          -    9.75425      -   144 11645s
 214467 182476   17.44953  305  196          -    9.75883      -   144 11691s
 214573 182844 infeasible  304               -    9.75883      -   144 11745s
 214989 183058   14.33523  326  218          -    9.75883      -   144 11814s
 215221 183440 infeasible  341               -    9.75883      -   144 11865s
 215680 183512   15.08013  371  161          -    9.75883      -   144 11914s
 215756 184075   14.06801  373  178          -    9.75883      -   144 11965s
 216444 184608    9.85883  107  160          -    9.75883      -   144 12046s
 217122 184747 infeasible  170               -    9.75883      -   144 12085s
 217291 185115   10.20969  185  181          -    9.75883      -   144 12121s
 217707 185491   10.45952  244  165          -    9.75883      -   144 12164s
 218169 185584    9.75883   90  159          -    9.75883      -   144 12194s
 218262 185973    9.75883  100  154          -    9.75883      -   144 12230s
 218689 186564    9.86971  143  160          -    9.75883      -   144 12278s
 219367 186847   10.55746  233  176          -    9.75883      -   144 12401s
 219748 187257    9.75883   84  164          -    9.75883      -   144 12461s
 220188 187604   10.14548  139  216          -    9.75883      -   144 12512s
 220593 188339   10.38822  186  191          -    9.75883      -   144 12569s
 221443 188466    9.80883  101  188          -    9.75883      -   144 12602s
 221572 189079   10.01106  118  199          -    9.75883      -   144 12670s
 222302 189447   10.20883  167  166          -    9.75883      -   144 12710s
 222694 189637   10.21403  187  194          -    9.75883      -   144 12742s
 222902 190121   10.41447  200  204          -    9.75883      -   144 12778s
 223479 190181   10.84946  238  187          -    9.75883      -   144 12801s
 223569 190657   10.84946  243  179          -    9.75883      -   144 12841s
 224090 191152   11.25522  288  209          -    9.75883      -   144 12876s
 224675 191173    9.85883  115  173          -    9.75883      -   144 12947s
 224696 191234    9.85883  115  168          -    9.75883      -   144 12970s
 224765 191311    9.86488  120  172          -    9.75883      -   144 12992s
 224848 191747    9.86445  128  175          -    9.75883      -   144 13029s
 225394 192124   11.10613  154  204          -    9.75883      -   144 13057s
 225811 192345   10.41243  189  195          -    9.75883      -   144 13085s
 226040 192858   10.50883  210  193          -    9.75883      -   144 13135s
 226646 192993   10.78994  261  218          -    9.75883      -   144 13182s
 226812 193382   11.62636  283  203          -    9.75883      -   144 13226s
 227328 193722   16.05748  339  145          -    9.75883      -   144 13258s
 227747 193792 infeasible  385               -    9.75883      -   144 13278s
 227825 194127    9.75883   93  165          -    9.75883      -   144 13303s
 228174 194534   10.02606  130  194          -    9.75883      -   144 13334s
 228615 194763   10.36185  193  180          -    9.75883      -   144 13359s
 228878 195179   10.67074  225  180          -    9.75883      -   144 13388s
 229397 195281   12.95474  282  153          -    9.75883      -   144 13408s
 229499 195788   12.91260  281  156          -    9.75883      -   144 13438s
 230119 196065  257.07503  350   85          -    9.75883      -   144 13527s
 230425 196470   83.69855  349  104          -    9.75883      -   144 13582s
 230957 197166   11.39166   93  182          -    9.75883      -   144 13640s
 231819 197249   12.03484  147  197          -    9.75883      -   144 13688s
 231914 197773   10.15883  155  171          -    9.75883      -   144 13754s
 232546 198270   10.35883  191  180          -    9.75883      -   144 13828s
 233109 198354   10.51526  237  209          -    9.75883      -   144 13859s
 233195 198840   10.56166  241  197          -    9.75883      -   144 13892s
 233720 199296   11.01325  277  198          -    9.75883      -   144 13935s
 234297 199356    9.76077   93  177          -    9.75883      -   144 13966s
 234393 199691    9.90883  111  160          -    9.75883      -   144 14005s
 234788 199978    9.91827  152  187          -    9.75883      -   144 14044s
 235119 200245   10.16094  178  197          -    9.75883      -   144 14074s
 235404 200654   10.25883  203  176          -    9.75883      -   144 14111s
 235912 200716   10.61739  246  182          -    9.75883      -   144 14135s
 235974 201179   10.69051  252  182          -    9.75883      -   144 14170s
 236514 201601    9.79001  151  180          -    9.75883      -   143 14213s
 237022 201691   10.06758  186  178          -    9.75883      -   143 14253s
 237134 202091   10.64232  196  202          -    9.75883      -   143 14291s
 237595 202530   11.79284  230  200          -    9.75883      -   143 14325s
 238094 202574   32.68247  270  165          -    9.75883      -   143 14354s
 238154 203061   10.65177  272  205          -    9.75883      -   143 14392s
 238751 203498    9.85883  126  152          -    9.75883      -   143 14427s
 239293 203609   10.10883  172  190          -    9.75883      -   143 14452s
 239406 204020   10.15883  177  157          -    9.75883      -   143 14478s
 239852 204457   10.35883  203  161          -    9.75883      -   143 14502s
 240367 204769   10.61012  249  179          -    9.75883      -   143 14570s
 240738 205316   11.46283  283  176          -    9.75883      -   143 14616s
 241455 205453    9.95883  200  161          -    9.75883      -   143 14639s
 241604 205953   10.10883  220  171          -    9.75883      -   143 14666s
 242171 206358   10.55972  267  187          -    9.75883      -   143 14686s
 242618 206491   10.98628  302  212          -    9.75883      -   143 14705s
 242759 206906   10.80883  302  191          -    9.75883      -   143 14727s
 243237 206966   11.28694  339  201          -    9.75883      -   143 14741s
 243306 207471   11.27855  342  187          -    9.75883      -   143 14765s
 243940 207722   16.53820  384  152          -    9.75883      -   143 14788s
 244261 208078   12.54341  399  184          -    9.75883      -   143 14815s
 244730 208233   10.15883  215  165          -    9.75883      -   143 14840s
 244899 208725   10.26242  232  168          -    9.75883      -   143 14867s
 245499 209093   10.63014  271  172          -    9.75883      -   143 14895s
 245958 209337   10.80812  308  181          -    9.75883      -   143 14925s
 246232 209818   10.87370  337  187          -    9.75883      -   143 14963s
 246778 210012   12.32076  378  201          -    9.75883      -   143 14996s
 247028 210426    9.75883  167  154          -    9.75883      -   143 15034s
 247237 210426   12.37295  406  178          -    9.75883      -   143 15035s
 247549 210588   10.01020  227  175          -    9.75883      -   143 15057s
 247721 210751 infeasible  243               -    9.75883      -   143 15124s
 247911 210807   10.40907  287  207          -    9.75883      -   143 15153s
 247971 211327   10.40889  290  195          -    9.75883      -   143 15192s
 248617 211789   10.72187  333  208          -    9.75883      -   143 15231s
 249160 211842   11.27042  390  173          -    9.75883      -   143 15253s
 249221 212346   11.27378  390  187          -    9.75883      -   143 15275s
 249871 212773    9.75883  159  152          -    9.75883      -   143 15291s
 250380 212838    9.91922  193  189          -    9.75883      -   143 15306s
 250447 213376   10.52361  201  197          -    9.75883      -   143 15334s
 250834 213376   11.99295  373  191          -    9.75883      -   143 15335s
 251089 213973   10.34872  258  175          -    9.75883      -   143 15411s
 251794 214017   10.76467  310  213          -    9.75883      -   143 15426s
 251838 214468   10.78592  314  204          -    9.75883      -   143 15451s
 252347 214647   12.64460  374  205          -    9.75883      -   143 15465s
 252533 215122   12.32101  380  225          -    9.75883      -   143 15485s
 253157 215191 infeasible  434               -    9.75883      -   143 15502s
 253256 215620   10.16322  175  156          -    9.75883      -   143 15524s
 253747 215969   10.47427  244  171          -    9.75883      -   142 15547s
 254170 216079   10.79070  285  205          -    9.75883      -   142 15566s
 254298 216424 infeasible  303               -    9.75883      -   142 15592s
 254687 216775   15.19673  355  179          -    9.75883      -   142 15619s
 255151 216814 infeasible  413               -    9.75883      -   142 15639s
 255204 217178   16.70453  414  142          -    9.75883      -   142 15673s
 255664 217441   11.67935  204  191          -    9.75883      -   142 15700s
 255966 217595   10.01405  218  211          -    9.75883      -   142 15726s
 256152 218077   10.15883  247  139          -    9.75883      -   142 15765s
 256714 218234   10.86264  311  178          -    9.75883      -   142 15789s
 256942 218604   11.27454  326  168          -    9.75883      -   142 15813s
 257426 218689    9.96784  214  175          -    9.75883      -   142 15829s
 257473 218689    9.86292  203  159          -    9.75883      -   142 15830s
 257511 219015    9.95883  226  157          -    9.75883      -   142 15848s
 257857 219144   11.05717  254  177          -    9.75883      -   142 15865s
 258000 219556   10.45887  270  174          -    9.75883      -   142 15894s
 258500 219591 infeasible  305               -    9.75883      -   142 15909s
 258561 220015    9.76536  182  165          -    9.75883      -   142 15933s
 259105 220326    9.95883  206  188          -    9.75883      -   142 15960s
 259528 220456   10.20883  232  177          -    9.75883      -   142 15981s
 259680 220874   10.20927  233  183          -    9.75883      -   142 16002s
 260132 221250   10.41527  257  187          -    9.75883      -   142 16029s
 260550 221369   11.74091  311  176          -    9.75883      -   142 16047s
 260673 221800   11.12988  310  186          -    9.75883      -   142 16073s
 261265 222301   11.08851  197  174          -    9.75883      -   142 16094s
 261877 222485   11.11588  218  187          -    9.75883      -   142 16168s
 262093 223715   10.26021  246  213          -    9.75883      -   142 16260s
 263623 223725    9.90924  197  181          -    9.75883      -   142 16304s
 263639 223788    9.90929  198  181          -    9.75883      -   142 16317s
 263704 223849    9.95930  208  151          -    9.75883      -   142 16330s
 263785 224018   10.01413  215  184          -    9.75883      -   142 16351s
 263986 224403   10.11181  240  198          -    9.75883      -   142 16375s
 264409 224580   10.26666  268  197          -    9.75883      -   142 16395s
 264598 225093   10.31158  275  199          -    9.75883      -   142 16423s
 265263 225362   10.75883  326  189          -    9.75883      -   142 16441s
 265606 225671   10.80989  338  186          -    9.75883      -   142 16457s
 265945 226022   11.06352  354  189          -    9.75883      -   142 16480s
 266334 226168   13.28345  406  168          -    9.75883      -   142 16498s
 266493 226645   13.65386  416  179          -    9.75883      -   142 16525s
 267126 226862    9.86392  194  186          -    9.75883      -   142 16548s
 267380 227312   10.56985  222  209          -    9.75883      -   142 16575s
 267911 227395   10.25883  245  168          -    9.75883      -   142 16594s
 268014 227920   10.25925  249  182          -    9.75883      -   142 16627s
 268613 228362 infeasible  302               -    9.75883      -   142 16664s
 269244 228442    9.78139  185  149          -    9.75883      -   142 16690s
 269328 228935    9.81652  193  159          -    9.75883      -   142 16725s
 269860 229372   10.61267  241  171          -    9.75883      -   142 16764s
 270410 229468   10.56304  282  182          -    9.75883      -   142 16779s
 270512 230018   10.66000  286  178          -    9.75883      -   142 16804s
 270892 230018   10.47814  293  174          -    9.75883      -   142 16805s
 271125 230461   10.96139  338  165          -    9.75883      -   141 16831s
 271703 230599    9.85927  157  173          -    9.75883      -   141 16846s
 271879 230969    9.86815  169  185          -    9.75883      -   141 16867s
 272317 231314   10.05954  220  164          -    9.75883      -   141 16932s
 272732 231668   10.46622  263  166          -    9.75883      -   141 16963s
 273217 231993   11.34803  303  162          -    9.75883      -   141 16985s
 273557 232491   19.69740  324  176          -    9.75883      -   141 17015s
 274143 232616    9.91742  211  223          -    9.75883      -   141 17035s
 274286 233259   10.08906  236  219          -    9.75883      -   141 17071s
 275120 233614   10.45359  274  198          -    9.75883      -   141 17093s
 275604 233741   10.83388  327  195          -    9.75883      -   141 17110s
 275737 234118   10.80972  349  188          -    9.75883      -   141 17134s
 276249 234529    9.76379  189  187          -    9.75883      -   141 17162s
 276810 234635   11.21179  212  191          -    9.75883      -   141 17184s
 276935 235037   10.01668  212  200          -    9.75883      -   141 17213s
 277496 235542   10.40531  251  203          -    9.75883      -   141 17241s
 278103 235691   11.15204  334  196          -    9.75883      -   141 17255s
 278258 236144   11.53254  339  200          -    9.75883      -   141 17279s
 278799 236414    9.87530  201  172          -    9.75883      -   141 17302s
 279081 236715   10.08300  230  195          -    9.75883      -   141 17323s
 279400 237136 infeasible  259               -    9.75883      -   141 17351s
 279960 237266    9.86021  176  179          -    9.75883      -   141 17364s
 280112 237686    9.96057  186  178          -    9.75883      -   141 17387s
 280663 238053   10.30883  229  158          -    9.75883      -   141 17417s
 281273 238170   10.60883  282  171          -    9.75883      -   141 17437s
 281396 238660   10.75883  296  176          -    9.75883      -   141 17467s
 281941 239056   11.34764  338  199          -    9.75883      -   141 17498s
 282465 239110 infeasible  386               -    9.75883      -   141 17518s
 282533 239751   12.11471  386  203          -    9.75883      -   141 17592s
 283312 239924   11.51689  236  195          -    9.75883      -   141 17610s
 283495 240345   10.31202  255  193          -    9.75883      -   141 17631s
 283962 240489   10.82101  299  186          -    9.75883      -   140 17646s
 284125 240888   11.40733  317  191          -    9.75883      -   141 17673s
 284726 240956 infeasible  351               -    9.75883      -   140 17689s
 284818 241263    9.78067  161  173          -    9.75883      -   140 17710s
 285175 241428   10.22168  195  172          -    9.75883      -   140 17725s
 285384 241608   10.01363  204  192          -    9.75883      -   140 17740s
 285574 241793   10.16124  231  193          -    9.75883      -   141 17755s
 285777 242160   10.27860  255  231          -    9.75883      -   141 17779s
 286200 242243   11.64507  294  164          -    9.75883      -   141 17791s
 286285 242306   12.77305  309  175          -    9.75883      -   141 17837s
 286350 242385   11.31772  308  187          -    9.75883      -   141 17851s
 286429 242870   11.42887  313  174          -    9.75883      -   141 17883s
 287029 243138   14.11791  357  172          -    9.75883      -   141 17904s
 287339 243453   12.51284  382  184          -    9.75883      -   141 17927s
 287692 243800    9.91046  213  172          -    9.75883      -   141 17947s
 288063 244015   10.16591  247  151          -    9.75883      -   141 17963s
 288290 244578   10.29467  281  176          -    9.75883      -   141 17989s
 288989 244668   10.98448  328  189          -    9.75883      -   141 18005s
 289095 245111   12.76169  337  141          -    9.75883      -   141 18036s
 289753 245572   10.05762  214  197          -    9.75883      -   140 18062s
 290310 245738   10.34391  261  193          -    9.75883      -   140 18080s
 290476 246203   12.67224  264  166          -    9.75883      -   140 18104s
 291008 246636   10.70769  317  202          -    9.75883      -   140 18129s
 291569 246734   11.34717  352  199          -    9.75883      -   140 18141s
 291685 247116   11.18720  364  220          -    9.75883      -   140 18160s
 292137 247473   14.28406  404  147          -    9.75883      -   140 18183s
 292625 247575    9.91286  194  180          -    9.75883      -   140 18195s
 292731 247976    9.96297  204  166          -    9.75883      -   140 18212s
 293189 248607   10.17880  232  162          -    9.75883      -   140 18272s
 293924 248675   10.55883  280  174          -    9.75883      -   140 18283s
 293994 249142   10.60883  285  164          -    9.75883      -   140 18302s
 294545 249508   13.53842  343  172          -    9.75883      -   140 18319s
 295052 249609 infeasible  398               -    9.75883      -   140 18333s
 295197 249992    9.82376  195  154          -    9.75883      -   140 18352s
 295613 250413   10.06015  233  165          -    9.75883      -   140 18374s
 296104 250453   10.35883  271  188          -    9.75883      -   140 18387s
 296184 250784   10.36233  275  173          -    9.75883      -   140 18408s
 296540 251121   10.56191  306  177          -    9.75883      -   140 18426s
 296942 251165   11.92689  353  171          -    9.75883      -   140 18435s
 296993 251544   11.56864  352  169          -    9.75883      -   140 18451s
 297512 251977    9.81037  188  143          -    9.75883      -   140 18466s
 297987 252016   10.11063  214  161          -    9.75883      -   140 18480s
 298050 252380   10.05883  214  149          -    9.75883      -   140 18503s
 298451 252732   10.28746  242  181          -    9.75883      -   140 18523s
 298884 252795   10.50883  274  168          -    9.75883      -   140 18534s
 298947 253190   10.82886  278  167          -    9.75883      -   140 18552s
 299364 253499   10.99013  313  167          -    9.75883      -   140 18573s
 299752 253531 infeasible  345               -    9.75883      -   140 18585s
 299804 253878    9.80883  179  157          -    9.75883      -   140 18604s
 300216 254209    9.97912  218  136          -    9.75883      -   140 18622s
 300613 254261   10.27153  260  188          -    9.75883      -   140 18631s
 300665 254627   10.29456  263  179          -    9.75883      -   140 18652s
 301068 254927   10.55938  297  166          -    9.75883      -   140 18673s
 301479 254994   15.81236  340  164          -    9.75883      -   140 18684s
 301552 255410   12.17673  344  183          -    9.75883      -   140 18709s
 302025 255839 infeasible  384               -    9.75883      -   140 18734s
 302609 255908   10.25971  223  176          -    9.75883      -   140 18747s
 302680 256353   10.26076  229  180          -    9.75883      -   140 18768s
 303225 256690   10.52932  261  176          -    9.75883      -   140 18787s
 303686 256902   12.20528  294  189          -    9.75883      -   140 18842s
 303902 258129   12.19324  293  176          -    9.75883      -   140 18898s
 305497 258196   10.05988  238  179          -    9.75883      -   140 18910s
 305584 258509   10.07065  240  172          -    9.75883      -   140 18926s
 305936 258591   10.30928  266  165          -    9.75883      -   140 18939s
 306026 258896   10.35937  271  164          -    9.75883      -   140 18958s
 306399 259273   10.71120  316  185          -    9.75883      -   140 18979s
 306905 259406    9.82088  194  148          -    9.75883      -   140 18994s
 307048 259809   10.06128  228  172          -    9.75883      -   140 19016s
 307495 260274   10.22808  261  203          -    9.75883      -   140 19040s
 308164 260361   10.36358  284  195          -    9.75883      -   139 19056s
 308303 260775   11.16988  292  199          -    9.75883      -   139 19076s
 308742 261141   11.51118  329  236          -    9.75883      -   139 19095s
 309141 261225   10.93529  364  224          -    9.75883      -   139 19107s
 309229 261604   11.05883  367  195          -    9.75883      -   139 19128s
 309657 261968 infeasible  390               -    9.75883      -   139 19149s
 310145 262109    9.75883  173  149          -    9.75883      -   139 19163s
 310292 262499    9.86065  183  159          -    9.75883      -   139 19182s
 310751 262774   10.06504  219  195          -    9.75883      -   139 19204s
 311137 262929   11.03240  249  202          -    9.75883      -   139 19218s
 311298 263268   10.93114  252  213          -    9.75883      -   139 19236s
 311667 263636   10.44394  281  201          -    9.75883      -   139 19256s
 312077 263845   10.65982  316  198          -    9.75883      -   139 19271s
 312306 264324   10.97633  344  194          -    9.75883      -   139 19288s
 312902 264652   14.57710  382  146          -    9.75883      -   139 19306s
 313326 264690   11.71613  183  153          -    9.75883      -   139 19355s
 313366 264761    9.95883  184  147          -    9.75883      -   139 19369s
 313449 265020    9.98462  198  202          -    9.75883      -   139 19389s
 313759 265326   10.10883  221  159          -    9.75883      -   139 19406s
 314079 265766   10.61555  249  196          -    9.75883      -   139 19464s
 314313 265766    9.96178  219  176          -    9.75883      -   139 19465s
 314549 265845   10.55947  286  182          -    9.75883      -   139 19478s
 314632 266460   10.60883  290  173          -    9.75883      -   139 19512s
 315352 266978   11.59272  359  192          -    9.75883      -   139 19539s
 316006 267082    9.81087  195  148          -    9.75883      -   139 19550s
 316110 267538   10.01077  205  172          -    9.75883      -   139 19572s
 316608 267942   10.16555  253  187          -    9.75883      -   139 19597s
 317128 268158   10.60112  295  194          -    9.75883      -   139 19612s
 317364 268523   10.81080  333  177          -    9.75883      -   139 19632s
 317832 268585    9.81091  192  166          -    9.75883      -   139 19645s
 317900 268973    9.86529  195  166          -    9.75883      -   139 19668s
 318391 269339   10.06091  223  163          -    9.75883      -   139 19686s
 318805 269401   10.18261  249  192          -    9.75883      -   139 19698s
 318869 269833   10.23982  253  198          -    9.75883      -   139 19723s
 319396 270228   10.46091  281  196          -    9.75883      -   139 19743s
 319976 270361 infeasible  321               -    9.75883      -   139 19756s
 320113 270754    9.86419  196  157          -    9.75883      -   139 19777s
 320630 271118   10.46405  268  158          -    9.75883      -   139 19796s
 321033 271239   12.09962  301  184          -    9.75883      -   139 19812s
 321162 271624   12.02431  304  210          -    9.75883      -   139 19832s
 321574 271727   12.31220  338  173          -    9.75883      -   139 19845s
 321693 272092   12.34011  341  193          -    9.75883      -   139 19865s
 322225 272400   12.49646  362  191          -    9.75883      -   139 19889s
 322718 272478   13.39978  397  180          -    9.75883      -   139 19902s
 322822 272872   13.44557  397  183          -    9.75883      -   139 19922s
 323315 273195   10.03870  199  166          -    9.75883      -   139 19940s
 323669 273264   10.33690  224  158          -    9.75883      -   139 19952s
 323738 273733   10.43690  233  159          -    9.75883      -   139 19977s
 324256 274166   10.77899  275  186          -    9.75883      -   139 19998s
 324739 274470   11.46802  326  201          -    9.75883      -   139 20052s
 325168 274940    9.75883  167  144          -    9.75883      -   139 20080s
 325797 275022    9.97080  198  184          -    9.75883      -   139 20093s
 325885 275472   10.04012  201  179          -    9.75883      -   139 20118s
 326430 275868   10.32728  239  190          -    9.75883      -   139 20138s
 326896 275895 infeasible  300               -    9.75883      -   139 20153s
 326951 276171   10.51914  157  187          -    9.75883      -   139 20175s
 327285 276448    9.90883  185  163          -    9.75883      -   139 20195s
 327628 276635    9.90944  222  183          -    9.75883      -   139 20212s
 327865 277115   10.03732  242  226          -    9.75883      -   139 20233s
 328511 277217   10.24337  279  220          -    9.75883      -   139 20245s
 328613 277607   10.35986  285  186          -    9.75883      -   139 20265s
 329044 278067 infeasible  325               -    9.75883      -   139 20292s
 329620 278295    9.88300  192  173          -    9.75883      -   139 20310s
 329865 278603   10.14938  221  196          -    9.75883      -   139 20331s
 330206 278756   10.27329  254  171          -    9.75883      -   139 20348s
 330395 278928   15.41035  276  176          -    9.75883      -   139 20423s
 330596 278971   12.00076  277  180          -    9.75883      -   139 20442s
 330687 279088   11.76254  287  232          -    9.75883      -   139 20459s
 330808 279634   10.57049  299  225          -    9.75883      -   139 20498s
 331462 280089   10.91500  343  169          -    9.75883      -   139 20525s
 332066 280153 infeasible  396               -    9.75883      -   139 20539s
 332156 280553    9.85883  176  160          -    9.75883      -   139 20559s
 332631 280783   10.11884  226  184          -    9.75883      -   139 20573s
 332897 281238   10.30883  254  153          -    9.75883      -   139 20595s
 333501 281366   10.65883  291  172          -    9.75883      -   139 20607s
 333647 281791   10.66884  307  187          -    9.75883      -   139 20625s
 334294 282231   14.12765  369  133          -    9.75883      -   139 20643s
 334840 282301   10.20883  233  157          -    9.75883      -   139 20652s
 334910 282756   12.26119  241  168          -    9.75883      -   139 20668s
 335450 283144   10.92385  321  167          -    9.75883      -   139 20710s
 335992 283217   11.49780  364  168          -    9.75883      -   139 20721s
 336067 283710   11.37788  364  181          -    9.75883      -   139 20740s
 336708 284142    9.95883  174  169          -    9.75883      -   139 20753s
 337202 284207   10.21917  210  172          -    9.75883      -   139 20759s
 337275 284702   10.21929  215  183          -    9.75883      -   139 20773s
 337885 285145   10.33799  251  214          -    9.75883      -   139 20786s
 338396 285230   10.58969  287  230          -    9.75883      -   139 20793s
 338493 285677   10.76722  291  230          -    9.75883      -   139 20812s
 338983 286052 infeasible  328               -    9.75883      -   139 20831s
 339422 286098   11.38728  379  212          -    9.75883      -   139 20839s
 339498 286443   11.19889  380  230          -    9.75883      -   139 20856s
 340019 286812 infeasible  420               -    9.75883      -   139 20873s
 340504 286902    9.96109  204  154          -    9.75883      -   139 20882s
 340596 287296    9.97183  211  147          -    9.75883      -   139 20897s
 341022 287740   11.38470  265  209          -    9.75883      -   139 20915s
 341574 287840   10.61749  304  212          -    9.75883      -   139 20925s
 341676 288289   10.73167  316  208          -    9.75883      -   139 20943s
 342245 288728   13.42740  362  147          -    9.75883      -   139 20960s
 342837 288799 infeasible  409               -    9.75883      -   139 20969s
 342948 289150    9.75883  182  148          -    9.75883      -   139 20986s
 343323 289605   10.21307  232  170          -    9.75883      -   139 21002s
 343884 289733   10.49056  265  198          -    9.75883      -   139 21012s
 344016 290135   10.71417  276  194          -    9.75883      -   139 21027s
 344496 290336   12.51183  339  158          -    9.75883      -   139 21038s
 344710 290855   12.51889  351  181          -    9.75883      -   139 21056s
 345342 290945    9.86180  198  200          -    9.75883      -   139 21066s
 345457 291334   10.00883  205  150          -    9.75883      -   139 21083s
 345934 291868   10.25883  237  160          -    9.75883      -   139 21126s
 346576 291967    9.95883  206  143          -    9.75883      -   139 21135s
 346675 292449   10.10883  219  176          -    9.75883      -   139 21154s
 347193 292901   11.06065  252  182          -    9.75883      -   139 21172s
 347795 293027   10.36097  275  236          -    9.75883      -   138 21181s
 347943 293331   10.51576  286  221          -    9.75883      -   138 21197s
 348322 293487   10.82333  315  225          -    9.75883      -   138 21209s
 348486 293879   10.75986  321  236          -    9.75883      -   138 21224s
 348964 293970 infeasible  365               -    9.75883      -   139 21235s
 349087 294441    9.77296  168  167          -    9.75883      -   139 21254s
 349590 294606   10.52976  227  169          -    9.75883      -   139 21264s
 349767 295040   10.63067  241  189          -    9.75883      -   139 21282s
 350255 295467 infeasible  271               -    9.75883      -   139 21300s
 350752 295578   12.68626  299  160          -    9.75883      -   138 21309s
 350871 296001   12.07960  300  188          -    9.75883      -   138 21331s
 351456 296261    9.86145  201  158          -    9.75883      -   138 21341s
 351724 296631   10.10771  226  167          -    9.75883      -   138 21358s
 352131 296696   10.55296  264  214          -    9.75883      -   138 21366s
 352200 297113   10.36157  271  193          -    9.75883      -   138 21385s
 352690 297530 infeasible  297               -    9.75883      -   138 21403s
 353287 297734   10.82454  337  215          -    9.75883      -   138 21416s
 353566 298132   10.92424  347  211          -    9.75883      -   138 21432s
 354010 298234   11.35883  393  201          -    9.75883      -   138 21440s
 354135 298595   11.40883  400  193          -    9.75883      -   138 21455s
 354569 298792    9.91066  217  176          -    9.75883      -   138 21465s
 354784 299285    9.96164  227  205          -    9.75883      -   138 21486s
 355404 299399   10.33485  273  225          -    9.75883      -   138 21496s
 355530 299834   10.37454  281  233          -    9.75883      -   138 21515s
 356060 300223   11.78438  325  210          -    9.75883      -   138 21533s
 356542 300421    9.90461  198  182          -    9.75883      -   138 21571s
 356806 300998   10.28320  223  164          -    9.75883      -   138 21600s

Cutting planes:
  Gomory: 1
  Cover: 55
  Implied bound: 17
  Clique: 20
  MIR: 63
  Flow cover: 163
  GUB cover: 1
  Relax-and-lift: 22
  BQP: 2

Explored 357478 nodes (49808970 simplex iterations) in 21600.96 seconds (9103.38 work units)
Thread count was 8 (of 8 available processors)

Solution count 0

Time limit reached
Best objective -, best bound 9.758825089286e+00, gap -
