
Gurobi 12.0.1 (win64) logging started Tue Jun 30 00:13:52 2026

Set parameter LogFile to value "C:\Users\emrec\Documents\parallel_scheduling\exactMEDIUM\gurobi_exact_medium.log"
Set parameter MIPGap to value 0.05
Set parameter OutputFlag to value 1
Set parameter TimeLimit to value 21600
Gurobi Optimizer version 12.0.1 build v12.0.1rc0 (win64 - Windows 11+.0 (26200.2))

CPU model: Intel(R) Core(TM) i5-10300H CPU @ 2.50GHz, instruction set [SSE2|AVX|AVX2]
Thread count: 4 physical cores, 8 logical processors, using up to 8 threads

Non-default parameters:
TimeLimit  21600
MIPGap  0.05

Optimize a model with 6754 rows, 3657 columns and 19362 nonzeros
Model fingerprint: 0xaecf0946
Model has 1056 simple general constraints
  704 MAX, 352 MIN
Variable types: 1513 continuous, 2144 integer (2112 binary)
Coefficient statistics:
  Matrix range     [3e-01, 5e+04]
  Objective range  [3e-03, 1e+00]
  Bounds range     [1e+00, 5e+04]
  RHS range        [1e+00, 1e+05]
  GenCon const rng [6e+02, 2e+04]
Presolve removed 4561 rows and 1625 columns
Presolve time: 0.14s
Presolved: 2193 rows, 2032 columns, 16396 nonzeros
Variable types: 508 continuous, 1524 integer (1518 binary)

Root relaxation: objective 3.711609e+00, 521 iterations, 0.03 seconds (0.01 work units)

    Nodes    |    Current Node    |     Objective Bounds      |     Work
 Expl Unexpl |  Obj  Depth IntInf | Incumbent    BestBd   Gap | It/Node Time

     0     0    3.71161    0   46          -    3.71161      -     -    0s
     0     0    3.78014    0   67          -    3.78014      -     -    0s
     0     0    3.78014    0   67          -    3.78014      -     -    0s
     0     0    3.78029    0   88          -    3.78029      -     -    0s
     0     0    3.83014    0   74          -    3.83014      -     -    0s
     0     0    3.96429    0   90          -    3.96429      -     -    0s
     0     0    3.99680    0   77          -    3.99680      -     -    0s
     0     0    4.28739    0   89          -    4.28739      -     -    0s
     0     0    4.44226    0  104          -    4.44226      -     -    0s
     0     0    4.44226    0  102          -    4.44226      -     -    0s
     0     0    4.44226    0  102          -    4.44226      -     -    0s
     0     0    4.44226    0  117          -    4.44226      -     -    0s
     0     0    4.44226    0  116          -    4.44226      -     -    0s
     0     0    4.44226    0  116          -    4.44226      -     -    0s
     0     0    4.44226    0  117          -    4.44226      -     -    0s
     0     0    4.44226    0  126          -    4.44226      -     -    0s
     0     0    4.44226    0  121          -    4.44226      -     -    0s
     0     0    4.44226    0  117          -    4.44226      -     -    0s
     0     0    4.44226    0  116          -    4.44226      -     -    0s
     0     0    4.44226    0  116          -    4.44226      -     -    0s
     0     0    4.44226    0  116          -    4.44226      -     -    0s
     0     0    4.44226    0  119          -    4.44226      -     -    0s
     0     0    4.44226    0  131          -    4.44226      -     -    0s
     0     0    4.44226    0  125          -    4.44226      -     -    0s
     0     0    4.44226    0  144          -    4.44226      -     -    1s
     0     0    4.49943    0  140          -    4.49943      -     -    1s
     0     0    4.49943    0  129          -    4.49943      -     -    1s
     0     0    4.49943    0  131          -    4.49943      -     -    1s
     0     0    4.49943    0  131          -    4.49943      -     -    1s
     0     0    4.49943    0  104          -    4.49943      -     -    1s
     0     0    4.49943    0  106          -    4.49943      -     -    1s
     0     0    4.49943    0   98          -    4.49943      -     -    1s
     0     0    4.49943    0   97          -    4.49943      -     -    1s
     0     0    4.49943    0   95          -    4.49943      -     -    1s
     0     0    4.49943    0   75          -    4.49943      -     -    1s
     0     2    4.49943    0   74          -    4.49943      -     -    1s
H 1145   966                     354.9976891    5.09467  98.6%  24.7    3s
H 1146   919                     292.7848594    5.09467  98.3%  24.7    3s
H 1148   874                     286.0066139    5.09467  98.2%  24.7    3s
H 1153   835                     285.8116139    5.09467  98.2%  33.8    4s
H 1195   828                     239.7873220    5.09467  97.9%  37.3    4s
  1203   830    5.71604   22   53  239.78732    5.09467  97.9%  37.9    5s
H 1242   798                     141.6800890    5.09467  96.4%  39.7    5s
H 1254   763                     112.3529335    5.09467  95.5%  40.1    5s
H 1258   725                      10.5032697    5.09467  51.5%  40.6    5s
H 1343   743                      10.4882697    5.09467  51.4%  44.4    5s
H 1796   980                      10.4861269    5.09467  51.4%  54.9    6s
H 2295  1213                      10.3515024    5.09467  50.8%  55.2    7s
H 2307  1180                      10.1861269    5.09467  50.0%  55.3    7s
H 2308  1151                      10.0515024    5.09467  49.3%  55.3    7s
H 3405  1874                       9.8578446    5.09467  48.3%  54.1    9s
  3737  2149 infeasible  117         9.85784    5.09467  48.3%  53.3   10s
H 3738  2147                       9.7228446    5.09467  47.6%  53.2   10s
  7926  5325     cutoff   96         9.72284    5.09467  47.6%  44.2   15s
 12403  8882    7.23702  112   32    9.72284    5.09467  47.6%  37.6   20s
 14915 10469    8.25503   65   45    9.72284    5.09467  47.6%  37.4   25s
 15372 10789    5.09467   55   46    9.72284    5.09467  47.6%  40.5   30s
H16183 10602                       9.6578446    5.09467  47.2%  42.2   33s
 17159 11112    5.75885  142   42    9.65784    5.09467  47.2%  41.8   35s
H17217 10640                       9.5816976    5.09467  46.8%  42.0   37s
H17289 10198                       9.5228446    5.09467  46.5%  42.1   37s
 19116 11128    7.61391  219   36    9.52284    5.09467  46.5%  41.9   40s
H19541 10968                       9.5228446    5.09467  46.5%  41.9   40s
 23619 13231    5.19467   70   44    9.52284    5.09469  46.5%  41.5   45s
 28356 15212 infeasible  120         9.52284    5.09469  46.5%  42.9   50s
 32621 17452    5.43617   72   71    9.52284    5.09469  46.5%  42.8   55s
 38224 19461    5.60683  101   46    9.52284    5.09500  46.5%  42.2   60s
 41117 20765    6.29331   94   47    9.52284    5.09508  46.5%  41.8   65s
 44673 23575    5.70773   94   75    9.52284    5.09556  46.5%  41.6   80s
 44683 23582    5.80274   40   75    9.52284    5.09556  46.5%  41.6   85s
H44690 22406                       9.5228446    5.11470  46.3%  41.6   89s
 44691 22407    5.82607  108  124    9.52284    5.11470  46.3%  41.6   90s
 44700 22413    5.84093   77   83    9.52284    5.12023  46.2%  41.6   95s
 44708 22418    5.39924   64  108    9.52284    5.13556  46.1%  41.6  100s
 44718 22425    6.35453   77   56    9.52284    5.13910  46.0%  41.6  105s
 44726 22430    9.24764  120   84    9.52284    5.13940  46.0%  41.6  110s
 44736 22437    8.81380  131   76    9.52284    5.13969  46.0%  41.6  115s
 44744 22442    6.41556  131   69    9.52284    5.16488  45.8%  41.6  120s
 44752 22448    5.19467  100   53    9.52284    5.16587  45.8%  41.6  125s
 44759 22452    8.12602  174   76    9.52284    5.16703  45.7%  41.6  130s
 44768 22458    5.19467   60   60    9.52284    5.16776  45.7%  41.5  135s
 44777 22464    6.83999   65   75    9.52284    5.17053  45.7%  41.5  140s
 44786 22470    7.46255  122   98    9.52284    5.17053  45.7%  41.5  145s
 44992 22610    6.57662   55   34    9.52284    5.17054  45.7%  43.5  150s
 45365 22886    7.14500   77   29    9.52284    5.17054  45.7%  43.8  155s
 46263 23365    5.62624  129   32    9.52284    5.17054  45.7%  44.1  160s
 47015 23697    5.25030   64   66    9.52284    5.17069  45.7%  44.1  165s
 48244 24526    6.78067   57   35    9.52284    5.17069  45.7%  44.1  170s
 51016 25813    5.94350  145   56    9.52284    5.17081  45.7%  44.0  175s
 55646 28657    5.23433   61   60    9.52284    5.17113  45.7%  43.8  180s
 59276 29173    5.25191   77   75    9.52284    5.17113  45.7%  43.3  185s

Gurobi 12.0.1 (win64) logging started Tue Jun 30 00:17:20 2026

Set parameter LogFile to value "C:\Users\emrec\Documents\parallel_scheduling\exactMEDIUM\gurobi_exact_medium.log"
Set parameter MIPGap to value 0.05
Set parameter OutputFlag to value 1
Set parameter TimeLimit to value 600
Gurobi Optimizer version 12.0.1 build v12.0.1rc0 (win64 - Windows 11+.0 (26200.2))

CPU model: Intel(R) Core(TM) i5-10300H CPU @ 2.50GHz, instruction set [SSE2|AVX|AVX2]
Thread count: 4 physical cores, 8 logical processors, using up to 8 threads

Non-default parameters:
TimeLimit  600
MIPGap  0.05

Optimize a model with 6754 rows, 3657 columns and 19362 nonzeros
Model fingerprint: 0xaecf0946
Model has 1056 simple general constraints
  704 MAX, 352 MIN
Variable types: 1513 continuous, 2144 integer (2112 binary)
Coefficient statistics:
  Matrix range     [3e-01, 5e+04]
  Objective range  [3e-03, 1e+00]
  Bounds range     [1e+00, 5e+04]
  RHS range        [1e+00, 1e+05]
  GenCon const rng [6e+02, 2e+04]
Presolve removed 4561 rows and 1625 columns
Presolve time: 0.11s
Presolved: 2193 rows, 2032 columns, 16396 nonzeros
Variable types: 508 continuous, 1524 integer (1518 binary)

Root relaxation: objective 3.711609e+00, 521 iterations, 0.01 seconds (0.01 work units)

    Nodes    |    Current Node    |     Objective Bounds      |     Work
 Expl Unexpl |  Obj  Depth IntInf | Incumbent    BestBd   Gap | It/Node Time

     0     0    3.71161    0   46          -    3.71161      -     -    0s
     0     0    3.78014    0   67          -    3.78014      -     -    0s
     0     0    3.78014    0   67          -    3.78014      -     -    0s
     0     0    3.78029    0   88          -    3.78029      -     -    0s
     0     0    3.83014    0   74          -    3.83014      -     -    0s
     0     0    3.96429    0   90          -    3.96429      -     -    0s
     0     0    3.99680    0   77          -    3.99680      -     -    0s
     0     0    4.28739    0   89          -    4.28739      -     -    0s
     0     0    4.44226    0  104          -    4.44226      -     -    0s
     0     0    4.44226    0  102          -    4.44226      -     -    0s
     0     0    4.44226    0  102          -    4.44226      -     -    0s
     0     0    4.44226    0  117          -    4.44226      -     -    0s
     0     0    4.44226    0  116          -    4.44226      -     -    0s
     0     0    4.44226    0  116          -    4.44226      -     -    0s
     0     0    4.44226    0  117          -    4.44226      -     -    0s
     0     0    4.44226    0  126          -    4.44226      -     -    0s
     0     0    4.44226    0  121          -    4.44226      -     -    0s
     0     0    4.44226    0  117          -    4.44226      -     -    0s
     0     0    4.44226    0  116          -    4.44226      -     -    0s
     0     0    4.44226    0  116          -    4.44226      -     -    0s
     0     0    4.44226    0  116          -    4.44226      -     -    0s
     0     0    4.44226    0  119          -    4.44226      -     -    0s
     0     0    4.44226    0  131          -    4.44226      -     -    0s
     0     0    4.44226    0  125          -    4.44226      -     -    0s
     0     0    4.44226    0  144          -    4.44226      -     -    0s
     0     0    4.49943    0  140          -    4.49943      -     -    0s
     0     0    4.49943    0  129          -    4.49943      -     -    0s
     0     0    4.49943    0  131          -    4.49943      -     -    1s
     0     0    4.49943    0  131          -    4.49943      -     -    1s
     0     0    4.49943    0  104          -    4.49943      -     -    1s
     0     0    4.49943    0  106          -    4.49943      -     -    1s
     0     0    4.49943    0   98          -    4.49943      -     -    1s
     0     0    4.49943    0   97          -    4.49943      -     -    1s
     0     0    4.49943    0   95          -    4.49943      -     -    1s
     0     0    4.49943    0   75          -    4.49943      -     -    1s
     0     2    4.49943    0   74          -    4.49943      -     -    1s
H 1145   966                     354.9976891    5.09467  98.6%  24.7    3s
H 1146   919                     292.7848594    5.09467  98.3%  24.7    3s
H 1148   874                     286.0066139    5.09467  98.2%  24.7    3s
H 1153   835                     285.8116139    5.09467  98.2%  33.8    4s
H 1195   828                     239.7873220    5.09467  97.9%  37.3    4s
  1239   839    5.71604   24   44  239.78732    5.09467  97.9%  39.7    5s
H 1242   798                     141.6800890    5.09467  96.4%  39.7    5s
H 1254   763                     112.3529335    5.09467  95.5%  40.1    5s
H 1258   725                      10.5032697    5.09467  51.5%  40.6    5s
H 1343   743                      10.4882697    5.09467  51.4%  44.4    5s
H 1796   980                      10.4861269    5.09467  51.4%  54.9    6s
H 2295  1213                      10.3515024    5.09467  50.8%  55.2    7s
H 2307  1180                      10.1861269    5.09467  50.0%  55.3    7s
H 2308  1151                      10.0515024    5.09467  49.3%  55.3    7s
H 3405  1874                       9.8578446    5.09467  48.3%  54.1    9s
H 3738  2147                       9.7228446    5.09467  47.6%  53.2    9s
  3917  2475    5.40795   46   56    9.72284    5.09467  47.6%  53.1   10s
  8721  5948    5.19599   62   40    9.72284    5.09467  47.6%  43.1   15s
 14903 10461    5.46633   80   75    9.72284    5.09467  47.6%  37.4   20s
 14942 10502    5.09467   31   53    9.72284    5.09467  47.6%  38.2   25s
 15418 10822    5.14669   56   49    9.72284    5.09467  47.6%  40.6   30s
H16183 10602                       9.6578446    5.09467  47.2%  42.2   33s
 16866 11205    5.56503  125   40    9.65784    5.09467  47.2%  42.1   35s
H17217 10640                       9.5816976    5.09467  46.8%  42.0   37s
H17289 10198                       9.5228446    5.09467  46.5%  42.1   38s
 18878 11192    7.61391  218   35    9.52284    5.09467  46.5%  41.9   40s
H19541 10968                       9.5228446    5.09467  46.5%  41.9   41s
 22895 12550    5.31291  103   37    9.52284    5.09469  46.5%  41.3   45s
 26650 14857    5.39467  110   41    9.52284    5.09469  46.5%  42.5   50s
 29811 16342    5.30642   68   63    9.52284    5.09469  46.5%  42.7   55s
 34900 18065    5.94287   99   55    9.52284    5.09496  46.5%  42.4   60s
 39481 20157 infeasible  222         9.52284    5.09500  46.5%  41.8   65s
 41380 21149    5.20632   95   39    9.52284    5.09508  46.5%  41.9   70s
 44673 23575    5.70773   94   75    9.52284    5.09556  46.5%  41.6   84s
 44676 23577    5.79773  141   33    9.52284    5.09556  46.5%  41.6   85s
 44686 23584    7.46255  122   78    9.52284    5.09896  46.5%  41.6   90s
H44690 22406                       9.5228446    5.11470  46.3%  41.6   93s
 44694 22409    8.98308   93   83    9.52284    5.11470  46.3%  41.6   95s
 44702 22414    5.34467  100   63    9.52284    5.13407  46.1%  41.6  100s
 44708 22418    5.39924   64  108    9.52284    5.13556  46.1%  41.6  105s
 44716 22424    5.49408  150   64    9.52284    5.13869  46.0%  41.6  110s
 44723 22428    9.17520  110   93    9.52284    5.13935  46.0%  41.6  115s
 44731 22434    8.93962  120  104    9.52284    5.13968  46.0%  41.6  120s
 44738 22438    5.24467   85   90    9.52284    5.15363  45.9%  41.6  125s
 44742 22441    5.39517   56   97    9.52284    5.15363  45.9%  41.6  130s
 44745 22443    5.29467   82   85    9.52284    5.16493  45.8%  41.6  135s
 44748 22445    6.27548  101   54    9.52284    5.16583  45.8%  41.6  141s
 44751 22447    6.70901  114   79    9.52284    5.16587  45.8%  41.6  145s
 44754 22449    5.77401  146   64    9.52284    5.16587  45.8%  41.6  151s
 44757 22451    6.53279  132   71    9.52284    5.16613  45.8%  41.6  155s
 44763 22455    7.26238  106  104    9.52284    5.16716  45.7%  41.6  160s
 44769 22459    6.55384   83   91    9.52284    5.16893  45.7%  41.5  165s
 44776 22464    5.79773  141   48    9.52284    5.17053  45.7%  41.5  170s
 44782 22468    8.68873   97   61    9.52284    5.17053  45.7%  41.5  175s
 44789 22475    5.17054   39   98    9.52284    5.17054  45.7%  43.2  180s
 45000 22617    5.24467   56   43    9.52284    5.17054  45.7%  43.5  185s
 45247 22782    5.37624   74   40    9.52284    5.17054  45.7%  43.7  190s
 45594 23022    5.48554   92   41    9.52284    5.17054  45.7%  44.0  195s
 46263 23365    5.62624  129   32    9.52284    5.17054  45.7%  44.1  200s
 46538 23546 infeasible  149         9.52284    5.17054  45.7%  44.1  205s
 47075 23743    5.25115   65   52    9.52284    5.17069  45.7%  44.1  210s
 48244 24526    6.78067   57   35    9.52284    5.17069  45.7%  44.1  215s
 49902 25295    6.35014   65   32    9.52284    5.17070  45.7%  44.2  220s
 51422 25997    5.24773   63   38    9.52284    5.17097  45.7%  43.9  226s
 54009 27263 infeasible  116         9.52284    5.17113  45.7%  43.8  231s
 55646 28657    5.23433   61   60    9.52284    5.17113  45.7%  43.8  235s
 58751 29014    5.47273   87   50    9.52284    5.17113  45.7%  43.4  241s
 59276 29173    5.25191   77   75    9.52284    5.17113  45.7%  43.3  247s
 59281 29176    6.21966   94   81    9.52284    5.17113  45.7%  43.3  250s
 59286 29180    5.23862   62   76    9.52284    5.17113  45.7%  43.3  256s
 59288 29181    5.17770   60   88    9.52284    5.17491  45.7%  43.3  260s
 59291 29183    7.01308   90   83    9.52284    5.17491  45.7%  43.3  267s
 59293 29184    5.25135   59   79    9.52284    5.17491  45.7%  43.3  272s
 59295 29186    5.44773   79   92    9.52284    5.17491  45.7%  43.3  275s
 59298 29188    5.34773   74   90    9.52284    5.17491  45.7%  43.3  280s
 59301 29190    5.44773   75   88    9.52284    5.17491  45.7%  43.3  285s
 59305 29192    5.24467   65   96    9.52284    5.17491  45.7%  43.3  290s
 59308 29194    5.24703   54  103    9.52284    5.17491  45.7%  43.3  296s
 59310 29196    5.24773   68   99    9.52284    5.17491  45.7%  43.3  300s
 59313 29198    6.11966   72   64    9.52284    5.17491  45.7%  43.3  307s
 59315 29199    5.39773   99   77    9.52284    5.17491  45.7%  43.2  310s
 59317 29200    5.43344  134   55    9.52284    5.17491  45.7%  43.2  315s
 59320 29202    5.34773   78   82    9.52284    5.17491  45.7%  43.2  320s
 59323 29204    6.40852  143   81    9.52284    5.17491  45.7%  43.2  326s
 59326 29206    5.22119   54   84    9.52284    5.17491  45.7%  43.2  330s
 59328 29208    5.68571   82   91    9.52284    5.17491  45.7%  43.2  335s
 59332 29210    7.08018  128  114    9.52284    5.17491  45.7%  43.2  341s
 59335 29212    8.11308   57   82    9.52284    5.17491  45.7%  43.2  346s
 59411 29270    5.19467   60   23    9.52284    5.18556  45.5%  44.0  350s
 59535 29354    5.19467   68   47    9.52284    5.18556  45.5%  44.1  355s
 59763 29476    5.21760   76   40    9.52284    5.18556  45.5%  44.5  360s
 59983 29638    5.19467   86   24    9.52284    5.18556  45.5%  44.6  365s
 60717 30093    5.68255  114   41    9.52284    5.19297  45.5%  44.9  370s
 61372 30503    6.13646  140   39    9.52284    5.19430  45.5%  44.8  375s
 62784 31232    5.98871  124   54    9.52284    5.19430  45.5%  44.9  380s
 66816 33187    5.91295  118   38    9.52284    5.19430  45.5%  44.0  385s
 72380 35786    5.39735   97   43    9.52284    5.19430  45.5%  42.8  390s
 73608 36341    6.76139  156   23    9.52284    5.19430  45.5%  42.7  395s
 77797 38502 infeasible  128         9.52284    5.19430  45.5%  42.0  400s
 81142 40032    8.63862  123   27    9.52284    5.19430  45.5%  41.7  405s
 82288 39826    5.34467  104   40    9.52284    5.19430  45.5%  41.8  410s
 83674 41290    5.61488  113   42    9.52284    5.19430  45.5%  41.8  415s
 89023 42990    5.49593  131   44    9.52284    5.19430  45.5%  41.0  422s
 91418 44753    5.28055   95   27    9.52284    5.19431  45.5%  40.7  426s
 97141 45920    5.86087  111   58    9.52284    5.19431  45.5%  39.8  430s
 102059 47896    5.92628   83   52    9.52284    5.19431  45.5%  39.1  435s
 105085 49004    8.21807  105   38    9.52284    5.19431  45.5%  38.9  440s
 108200 51146    8.68469  119   37    9.52284    5.19431  45.5%  38.7  445s
 110773 51374    6.52683  150   55    9.52284    5.19431  45.5%  38.5  450s
 112055 52099    5.82896  150   54    9.52284    5.19431  45.5%  38.4  456s
 114581 53235    5.24957   99   33    9.52284    5.19431  45.5%  38.3  460s
 117527 54642    5.32498   96   46    9.52284    5.19431  45.5%  38.1  465s
 119706 55597    5.28994   68   71    9.52284    5.19431  45.5%  38.0  470s
 121162 55522    8.76158  108   48    9.52284    5.19431  45.5%  38.1  476s
 121239 55650    8.96000  117   34    9.52284    5.19431  45.5%  38.1  480s
 121868 56195    9.41126  133   43    9.52284    5.19431  45.5%  38.2  485s
 124937 58413    5.79467  138   30    9.52284    5.19431  45.5%  37.9  490s
 129688 59595    9.39325  179   26    9.52284    5.19431  45.5%  37.5  495s
 131528 61047    6.94515  120   51    9.52284    5.19432  45.5%  37.5  500s
 135178 62455    8.69567  100   37    9.52284    5.19432  45.5%  37.1  505s
 138923 64209    6.72300   83   52    9.52284    5.19432  45.5%  36.8  510s
 143591 65594    5.19432   93   37    9.52284    5.19432  45.5%  36.3  515s
 147073 66898    8.80374  100   51    9.52284    5.19432  45.5%  36.0  520s
 149590 68773    5.26134  115   53    9.52284    5.19432  45.5%  35.9  525s
 152451 71432    5.39467  122   28    9.52284    5.19432  45.5%  35.7  530s
 155717 74098    5.49698  119   41    9.52284    5.19432  45.5%  35.5  536s
 158163 75054    5.84124  166   48    9.52284    5.19432  45.5%  35.3  540s
 161058 78038 infeasible  177         9.52284    5.19432  45.5%  35.2  545s
 162758 81525    5.71354   97   55    9.52284    5.19432  45.5%  35.0  553s
 167089 81713    5.20312   94   50    9.52284    5.19432  45.5%  34.8  555s
 168714 83424    7.14325  124   24    9.52284    5.19432  45.5%  34.8  560s
 172165 85454    5.19433   87   41    9.52284    5.19433  45.5%  34.7  566s
 172234 85527    5.19486   90   55    9.52284    5.19433  45.5%  34.7  570s
 172540 85929    5.29467  107   34    9.52284    5.19433  45.5%  34.7  576s
 174916 88087 infeasible  154         9.52284    5.19433  45.5%  34.6  580s
 176955 90429    5.92307  127   51    9.52284    5.19433  45.5%  34.6  588s
 178826 91252    5.41597   98   43    9.52284    5.19433  45.5%  34.6  590s
 182298 93373    5.36940  118   79    9.52284    5.19433  45.5%  34.5  595s
 186161 96110 infeasible  206         9.52284    5.19433  45.5%  34.3  600s

Cutting planes:
  Learned: 1
  Gomory: 1
  Cover: 35
  Implied bound: 28
  Projected implied bound: 2
  Clique: 4
  MIR: 27
  Flow cover: 48
  GUB cover: 2
  Network: 1
  RLT: 4
  Relax-and-lift: 27

Explored 186162 nodes (6390552 simplex iterations) in 600.10 seconds (315.35 work units)
Thread count was 8 (of 8 available processors)

Solution count 10: 9.52284 9.52284 9.52284 ... 9.72284

Time limit reached
Best objective 9.522844572675e+00, best bound 5.194331807894e+00, gap 45.4540%
